2024-10-14 23:03:23,504 [INFO] Activator:176 - 


2024-10-14 23:03:23,513 [INFO] Activator:177 - !SESSION log4j initialized
2024-10-14 23:03:33,545 [INFO] LogOutputStream:77 - [STDOUT_REDIRECT] 
2024-10-14 23:03:36,171 [INFO] ApplicationProperties:184 - Using Application install path: C:\ST\STM32CubeIDE_1.16.0\STM32CubeIDE\plugins\com.st.stm32cube.common.mx_6.12.0.202406281431
2024-10-14 23:03:36,196 [INFO] DbMcusXml:78 - Set database path to: C:\ST\STM32CubeIDE_1.16.0\STM32CubeIDE\plugins\com.st.stm32cube.common.mx_6.12.0.202406281431\\db\/mcu/
2024-10-14 23:03:36,197 [INFO] ApiDb:274 - Set plugin database path to: C:\ST\STM32CubeIDE_1.16.0\STM32CubeIDE\plugins\com.st.stm32cube.common.mx_6.12.0.202406281431\\db\/plugins/boardmanager/
2024-10-14 23:03:36,198 [WARN] ApiDb:259 - Overriding images path with different value:  => C:\ST\STM32CubeIDE_1.16.0\STM32CubeIDE\plugins\com.st.stm32cube.common.mx_6.12.0.202406281431\\db\/plugins/mcufinder/images/
2024-10-14 23:03:36,209 [INFO] ApiDb:250 - Set database path to: C:\Users\Robin\.stmcufinder\plugins\mcufinder//mcu/
2024-10-14 23:03:36,210 [INFO] DbMcusAds:125 - Set database path to: C:\Users\Robin\.stmcufinder\plugins\mcufinder//mcu/
2024-10-14 23:03:36,214 [INFO] CrossReferenceDbSqlite:203 - Set database path to: C:\Users\Robin\.stmcufinder\plugins\mcufinder//mcu/cs/
2024-10-14 23:03:36,389 [INFO] RulesReader:64 - Compatibility file has been processed (297 Rules)
2024-10-14 23:03:36,531 [INFO] DbMcusXml:78 - Set database path to: C:\ST\STM32CubeIDE_1.16.0\STM32CubeIDE\plugins\com.st.stm32cube.common.mx_6.12.0.202406281431\\db\/mcu/
2024-10-14 23:03:36,531 [INFO] ApiDb:274 - Set plugin database path to: C:\ST\STM32CubeIDE_1.16.0\STM32CubeIDE\plugins\com.st.stm32cube.common.mx_6.12.0.202406281431\\db\/plugins/boardmanager/
2024-10-14 23:03:36,532 [INFO] ApiDb:261 - Set plugin images path to: C:\ST\STM32CubeIDE_1.16.0\STM32CubeIDE\plugins\com.st.stm32cube.common.mx_6.12.0.202406281431\\db\/plugins/mcufinder/images/
2024-10-14 23:03:36,532 [WARN] DbFile:41 - Overriding database path with different value: C:\Users\Robin\.stmcufinder\plugins\mcufinder/ => C:\Users\Robin\.stmcufinder\plugins\mcufinder
2024-10-14 23:03:36,533 [INFO] ApiDb:250 - Set database path to: C:\Users\Robin\.stmcufinder\plugins\mcufinder//mcu/
2024-10-14 23:03:36,533 [WARN] DbFile:41 - Overriding database path with different value: C:\Users\Robin\.stmcufinder\plugins\mcufinder/ => C:\Users\Robin\.stmcufinder\plugins\mcufinder
2024-10-14 23:03:36,533 [INFO] DbMcusAds:125 - Set database path to: C:\Users\Robin\.stmcufinder\plugins\mcufinder//mcu/
2024-10-14 23:03:36,533 [WARN] DbFile:41 - Overriding database path with different value: C:\Users\Robin\.stmcufinder\plugins\mcufinder/ => C:\Users\Robin\.stmcufinder\plugins\mcufinder
2024-10-14 23:03:36,533 [WARN] DbFile:41 - Overriding database path with different value: C:\Users\Robin\.stmcufinder\plugins\mcufinder/ => C:\Users\Robin\.stmcufinder\plugins\mcufinder
2024-10-14 23:03:36,533 [INFO] CrossReferenceDbSqlite:203 - Set database path to: C:\Users\Robin\.stmcufinder\plugins\mcufinder//mcu/cs/
2024-10-14 23:03:36,654 [INFO] MainPanel:268 - HeapMemory: 268435456
2024-10-14 23:03:36,787 [INFO] DbMcusXml:78 - Set database path to: C:\ST\STM32CubeIDE_1.16.0\STM32CubeIDE\plugins\com.st.stm32cube.common.mx_6.12.0.202406281431\\db\/mcu/
2024-10-14 23:03:36,787 [INFO] ApiDb:274 - Set plugin database path to: C:\ST\STM32CubeIDE_1.16.0\STM32CubeIDE\plugins\com.st.stm32cube.common.mx_6.12.0.202406281431\\db\/plugins/boardmanager/
2024-10-14 23:03:36,787 [INFO] ApiDb:261 - Set plugin images path to: C:\ST\STM32CubeIDE_1.16.0\STM32CubeIDE\plugins\com.st.stm32cube.common.mx_6.12.0.202406281431\\db\/plugins/mcufinder/images/
2024-10-14 23:03:36,788 [WARN] DbFile:41 - Overriding database path with different value: C:\Users\Robin\.stmcufinder\plugins\mcufinder/ => C:\Users\Robin\.stmcufinder\plugins\mcufinder
2024-10-14 23:03:36,788 [INFO] ApiDb:250 - Set database path to: C:\Users\Robin\.stmcufinder\plugins\mcufinder//mcu/
2024-10-14 23:03:36,788 [WARN] DbFile:41 - Overriding database path with different value: C:\Users\Robin\.stmcufinder\plugins\mcufinder/ => C:\Users\Robin\.stmcufinder\plugins\mcufinder
2024-10-14 23:03:36,788 [INFO] DbMcusAds:125 - Set database path to: C:\Users\Robin\.stmcufinder\plugins\mcufinder//mcu/
2024-10-14 23:03:36,788 [WARN] DbFile:41 - Overriding database path with different value: C:\Users\Robin\.stmcufinder\plugins\mcufinder/ => C:\Users\Robin\.stmcufinder\plugins\mcufinder
2024-10-14 23:03:36,788 [WARN] DbFile:41 - Overriding database path with different value: C:\Users\Robin\.stmcufinder\plugins\mcufinder/ => C:\Users\Robin\.stmcufinder\plugins\mcufinder
2024-10-14 23:03:36,788 [INFO] CrossReferenceDbSqlite:203 - Set database path to: C:\Users\Robin\.stmcufinder\plugins\mcufinder//mcu/cs/
2024-10-14 23:03:36,811 [INFO] ApplicationProperties:184 - Using Application install path: C:\ST\STM32CubeIDE_1.16.0\STM32CubeIDE\plugins\com.st.stm32cube.common.mx_6.12.0.202406281431
2024-10-14 23:03:36,813 [INFO] PluginManage:196 - Search for loadable plugins [exclusion list=, ]
2024-10-14 23:03:36,815 [INFO] PluginManage:310 - Check plugin analytics
2024-10-14 23:03:37,044 [INFO] AnalyticsPlugin:253 - Accepted Software Licenses: 
2024-10-14 23:03:37,045 [INFO] AnalyticsPlugin:255 - Accepted CMSIS Pack Licenses: 
2024-10-14 23:03:37,046 [INFO] AnalyticsPlugin:257 - Accepted Firmware Licenses: FW.F4.1.28.0
2024-10-14 23:03:37,050 [INFO] PluginManage:359 - Loaded plugin analytics (category:tool,tabindex:-1)
2024-10-14 23:03:37,050 [INFO] PluginManage:310 - Check plugin cadmodel
2024-10-14 23:03:37,074 [INFO] CADModel:105 - Init CAD model plugin
2024-10-14 23:03:37,075 [INFO] PluginManage:359 - Loaded plugin cadmodel (category:power,tabindex:5)
2024-10-14 23:03:37,075 [INFO] PluginManage:310 - Check plugin clock
2024-10-14 23:03:37,109 [INFO] PluginManage:359 - Loaded plugin clock (category:base,tabindex:2)
2024-10-14 23:03:37,110 [INFO] PluginManage:310 - Check plugin ddr
2024-10-14 23:03:37,114 [INFO] PluginManage:359 - Loaded plugin ddr (category:tool,tabindex:6)
2024-10-14 23:03:37,114 [INFO] PluginManage:310 - Check plugin filemanager
2024-10-14 23:03:37,310 [INFO] PluginManage:359 - Loaded plugin filemanager (category:base,tabindex:10)
2024-10-14 23:03:37,310 [INFO] PluginManage:310 - Check plugin ipmanager
2024-10-14 23:03:37,319 [INFO] PluginManage:359 - Loaded plugin ipmanager (category:base,tabindex:5)
2024-10-14 23:03:37,319 [INFO] PluginManage:310 - Check plugin lpbam
2024-10-14 23:03:37,345 [INFO] PluginManage:359 - Loaded plugin lpbam (category:base,tabindex:0)
2024-10-14 23:03:37,346 [INFO] PluginManage:310 - Check plugin memorymap
2024-10-14 23:03:37,378 [INFO] PluginManage:359 - Loaded plugin memorymap (category:base,tabindex:4)
2024-10-14 23:03:37,378 [INFO] PluginManage:310 - Check plugin pinoutandconfiguration
2024-10-14 23:03:37,401 [INFO] PluginManage:359 - Loaded plugin pinoutandconfiguration (category:base,tabindex:1)
2024-10-14 23:03:37,401 [INFO] PluginManage:310 - Check plugin pinoutconfig
2024-10-14 23:03:37,531 [WARN] SupportedApi:132 - Cannot load RTOS API schema: s4s-elt-must-match.1: The content of 'definitions' must match (annotation?, (simpleType | complexType)?, (unique | key | keyref)*)). A problem was found starting at: attribute.
2024-10-14 23:03:37,739 [INFO] PluginManage:359 - Loaded plugin pinoutconfig (category:base,tabindex:0)
2024-10-14 23:03:37,739 [INFO] PluginManage:310 - Check plugin power
2024-10-14 23:03:37,767 [INFO] PluginManage:359 - Loaded plugin power (category:power,tabindex:4)
2024-10-14 23:03:37,768 [INFO] PluginManage:310 - Check plugin projectmanager
2024-10-14 23:03:37,794 [INFO] PluginManage:359 - Loaded plugin projectmanager (category:projectmanager,tabindex:4)
2024-10-14 23:03:37,794 [INFO] PluginManage:310 - Check plugin rif
2024-10-14 23:03:37,818 [INFO] PluginManage:359 - Loaded plugin rif (category:base,tabindex:3)
2024-10-14 23:03:37,818 [INFO] PluginManage:310 - Check plugin thirdparty
2024-10-14 23:03:38,243 [INFO] PluginManage:359 - Loaded plugin thirdparty (category:base,tabindex:-1)
2024-10-14 23:03:38,243 [WARN] IntegrityCheckThread:84 - waiting for thirdparty lock release [integrity check]
2024-10-14 23:03:38,243 [INFO] IntegrityCheckThread:86 - entering critical section [integrity check]
2024-10-14 23:03:38,243 [INFO] PluginManage:310 - Check plugin tools
2024-10-14 23:03:38,244 [INFO] ThirdPartyUpdaterWithRetryManager:70 - Updater plugin not ready yet. [1/15]
2024-10-14 23:03:38,310 [INFO] PluginManage:359 - Loaded plugin tools (category:base,tabindex:7)
2024-10-14 23:03:38,311 [INFO] PluginManage:310 - Check plugin tutovideos
2024-10-14 23:03:38,573 [INFO] PluginManage:359 - Loaded plugin tutovideos (category:base,tabindex:-1)
2024-10-14 23:03:38,573 [INFO] PluginManage:310 - Check plugin updater
2024-10-14 23:03:38,601 [INFO] PluginManage:359 - Loaded plugin updater (category:base,tabindex:12)
2024-10-14 23:03:38,601 [INFO] PluginManage:310 - Check plugin userauth
2024-10-14 23:03:38,610 [INFO] UserAuth:113 - Init User Auth plugin
2024-10-14 23:03:38,610 [INFO] PluginManage:359 - Loaded plugin userauth (category:base,tabindex:14)
2024-10-14 23:03:38,611 [INFO] PluginManage:283 - PluginManage : Loaded plugins [18]
2024-10-14 23:03:38,947 [INFO] PinOutPanel:1561 - setPackage(No Configuration,No Configuration)
2024-10-14 23:03:39,071 [INFO] CADModel:165 - CPN selected for project level
2024-10-14 23:03:39,071 [INFO] CADModel:114 - Register for checkConnection events
2024-10-14 23:03:39,106 [INFO] IPUIPlugin:80 - create IPUIPlugin
2024-10-14 23:03:39,106 [INFO] PluginManager:220 - loadIPPluginJar : add adc
2024-10-14 23:03:39,155 [INFO] IPUIPlugin:80 - create IPUIPlugin
2024-10-14 23:03:39,155 [INFO] PluginManager:220 - loadIPPluginJar : add aes
2024-10-14 23:03:39,208 [INFO] IPUIPlugin:80 - create IPUIPlugin
2024-10-14 23:03:39,208 [INFO] PluginManager:220 - loadIPPluginJar : add can
2024-10-14 23:03:39,238 [INFO] IPUIPlugin:80 - create IPUIPlugin
2024-10-14 23:03:39,238 [INFO] PluginManager:220 - loadIPPluginJar : add comp
2024-10-14 23:03:39,281 [INFO] IPUIPlugin:80 - create IPUIPlugin
2024-10-14 23:03:39,281 [INFO] PluginManager:220 - loadIPPluginJar : add cryp
2024-10-14 23:03:39,297 [INFO] IPUIPlugin:80 - create IPUIPlugin
2024-10-14 23:03:39,297 [INFO] PluginManager:220 - loadIPPluginJar : add ddr_ctrl_phy
2024-10-14 23:03:39,336 [INFO] IPUIPlugin:80 - create IPUIPlugin
2024-10-14 23:03:39,337 [INFO] PluginManager:220 - loadIPPluginJar : add dfsdm
2024-10-14 23:03:39,356 [INFO] IPUIPlugin:80 - create IPUIPlugin
2024-10-14 23:03:39,357 [INFO] PluginManager:220 - loadIPPluginJar : add dma
2024-10-14 23:03:39,415 [INFO] IPUIPlugin:80 - create IPUIPlugin
2024-10-14 23:03:39,416 [INFO] PluginManager:220 - loadIPPluginJar : add dma3
2024-10-14 23:03:39,473 [INFO] IPUIPlugin:80 - create IPUIPlugin
2024-10-14 23:03:39,473 [INFO] PluginManager:220 - loadIPPluginJar : add extmemmanager
2024-10-14 23:03:39,500 [INFO] IPUIPlugin:80 - create IPUIPlugin
2024-10-14 23:03:39,500 [INFO] PluginManager:220 - loadIPPluginJar : add fatfs
2024-10-14 23:03:39,561 [INFO] IPUIPlugin:80 - create IPUIPlugin
2024-10-14 23:03:39,561 [INFO] PluginManager:220 - loadIPPluginJar : add fmc
2024-10-14 23:03:39,582 [INFO] IPUIPlugin:80 - create IPUIPlugin
2024-10-14 23:03:39,582 [INFO] PluginManager:220 - loadIPPluginJar : add freertos
2024-10-14 23:03:39,609 [INFO] IPUIPlugin:80 - create IPUIPlugin
2024-10-14 23:03:39,609 [INFO] PluginManager:220 - loadIPPluginJar : add genericplugin
2024-10-14 23:03:39,730 [INFO] IPUIPlugin:80 - create IPUIPlugin
2024-10-14 23:03:39,731 [INFO] PluginManager:220 - loadIPPluginJar : add gfxmmu
2024-10-14 23:03:39,902 [INFO] IPUIPlugin:80 - create IPUIPlugin
2024-10-14 23:03:39,902 [INFO] PluginManager:220 - loadIPPluginJar : add gic
2024-10-14 23:03:39,920 [INFO] IPUIPlugin:80 - create IPUIPlugin
2024-10-14 23:03:39,920 [INFO] PluginManager:220 - loadIPPluginJar : add gpio
2024-10-14 23:03:40,048 [INFO] IPUIPlugin:80 - create IPUIPlugin
2024-10-14 23:03:40,048 [INFO] PluginManager:220 - loadIPPluginJar : add gtzc
2024-10-14 23:03:40,095 [INFO] IPUIPlugin:80 - create IPUIPlugin
2024-10-14 23:03:40,096 [INFO] PluginManager:220 - loadIPPluginJar : add hash
2024-10-14 23:03:40,164 [INFO] IPUIPlugin:80 - create IPUIPlugin
2024-10-14 23:03:40,164 [INFO] PluginManager:220 - loadIPPluginJar : add i2c
2024-10-14 23:03:40,214 [INFO] IPUIPlugin:80 - create IPUIPlugin
2024-10-14 23:03:40,215 [INFO] PluginManager:220 - loadIPPluginJar : add i2s
2024-10-14 23:03:40,268 [INFO] IPUIPlugin:80 - create IPUIPlugin
2024-10-14 23:03:40,268 [INFO] PluginManager:220 - loadIPPluginJar : add i3c
2024-10-14 23:03:40,403 [INFO] IPUIPlugin:80 - create IPUIPlugin
2024-10-14 23:03:40,403 [INFO] PluginManager:220 - loadIPPluginJar : add ipddr
2024-10-14 23:03:40,523 [INFO] IPUIPlugin:80 - create IPUIPlugin
2024-10-14 23:03:40,523 [INFO] PluginManager:220 - loadIPPluginJar : add linkedlist
2024-10-14 23:03:40,570 [INFO] IPUIPlugin:80 - create IPUIPlugin
2024-10-14 23:03:40,570 [INFO] PluginManager:220 - loadIPPluginJar : add lorawan
2024-10-14 23:03:40,618 [INFO] IPUIPlugin:80 - create IPUIPlugin
2024-10-14 23:03:40,618 [INFO] PluginManager:220 - loadIPPluginJar : add ltdc
2024-10-14 23:03:40,637 [INFO] IPUIPlugin:80 - create IPUIPlugin
2024-10-14 23:03:40,637 [INFO] PluginManager:220 - loadIPPluginJar : add mdma
2024-10-14 23:03:40,653 [INFO] IPUIPlugin:80 - create IPUIPlugin
2024-10-14 23:03:40,653 [INFO] PluginManager:220 - loadIPPluginJar : add nvic
2024-10-14 23:03:40,700 [INFO] IPUIPlugin:80 - create IPUIPlugin
2024-10-14 23:03:40,700 [INFO] PluginManager:220 - loadIPPluginJar : add opamp
2024-10-14 23:03:40,785 [INFO] IPUIPlugin:80 - create IPUIPlugin
2024-10-14 23:03:40,785 [INFO] PluginManager:220 - loadIPPluginJar : add openamp
2024-10-14 23:03:40,847 [INFO] IPUIPlugin:80 - create IPUIPlugin
2024-10-14 23:03:40,847 [INFO] PluginManager:220 - loadIPPluginJar : add pdm2pcm
2024-10-14 23:03:40,869 [INFO] IPUIPlugin:80 - create IPUIPlugin
2024-10-14 23:03:40,873 [INFO] PluginManager:220 - loadIPPluginJar : add plateformsettings
2024-10-14 23:03:40,903 [INFO] IPUIPlugin:80 - create IPUIPlugin
2024-10-14 23:03:40,903 [INFO] PluginManager:220 - loadIPPluginJar : add quadspi
2024-10-14 23:03:40,939 [INFO] IPUIPlugin:80 - create IPUIPlugin
2024-10-14 23:03:40,940 [INFO] PluginManager:220 - loadIPPluginJar : add radio
2024-10-14 23:03:40,957 [INFO] IPUIPlugin:80 - create IPUIPlugin
2024-10-14 23:03:40,957 [INFO] PluginManager:220 - loadIPPluginJar : add resmgrutility
2024-10-14 23:03:41,018 [INFO] IPUIPlugin:80 - create IPUIPlugin
2024-10-14 23:03:41,019 [INFO] PluginManager:220 - loadIPPluginJar : add sai
2024-10-14 23:03:41,067 [INFO] IPUIPlugin:80 - create IPUIPlugin
2024-10-14 23:03:41,068 [INFO] PluginManager:220 - loadIPPluginJar : add spi
2024-10-14 23:03:41,172 [INFO] IPUIPlugin:80 - create IPUIPlugin
2024-10-14 23:03:41,172 [INFO] PluginManager:220 - loadIPPluginJar : add stm32_wpan
2024-10-14 23:03:41,212 [INFO] IPUIPlugin:80 - create IPUIPlugin
2024-10-14 23:03:41,212 [INFO] PluginManager:220 - loadIPPluginJar : add tim
2024-10-14 23:03:41,249 [INFO] ThirdPartyUpdaterWithRetryManager:70 - Updater plugin not ready yet. [2/15]
2024-10-14 23:03:41,317 [INFO] IPUIPlugin:80 - create IPUIPlugin
2024-10-14 23:03:41,318 [INFO] PluginManager:220 - loadIPPluginJar : add touchsensing
2024-10-14 23:03:41,354 [INFO] IPUIPlugin:80 - create IPUIPlugin
2024-10-14 23:03:41,354 [INFO] PluginManager:220 - loadIPPluginJar : add tracer_emb
2024-10-14 23:03:41,390 [INFO] IPUIPlugin:80 - create IPUIPlugin
2024-10-14 23:03:41,390 [INFO] PluginManager:220 - loadIPPluginJar : add ts
2024-10-14 23:03:41,429 [INFO] IPUIPlugin:80 - create IPUIPlugin
2024-10-14 23:03:41,429 [INFO] PluginManager:220 - loadIPPluginJar : add tsc
2024-10-14 23:03:41,465 [INFO] IPUIPlugin:80 - create IPUIPlugin
2024-10-14 23:03:41,465 [INFO] PluginManager:220 - loadIPPluginJar : add ucpd
2024-10-14 23:03:41,534 [INFO] IPUIPlugin:80 - create IPUIPlugin
2024-10-14 23:03:41,534 [INFO] PluginManager:220 - loadIPPluginJar : add usart
2024-10-14 23:03:41,596 [INFO] IPUIPlugin:80 - create IPUIPlugin
2024-10-14 23:03:41,597 [INFO] PluginManager:220 - loadIPPluginJar : add usbx
2024-10-14 23:03:41,756 [INFO] CADModel:165 - CPN selected for project level
2024-10-14 23:03:41,756 [INFO] CADModel:114 - Register for checkConnection events
2024-10-14 23:03:41,756 [FATAL] Updater:334 - Updater called before beeing initialized
2024-10-14 23:03:41,757 [ERROR] CADModel:125 - Updater not yet initialized, retry later 
2024-10-14 23:03:41,966 [INFO] CADModel:165 - CPN selected for project level
2024-10-14 23:03:41,966 [INFO] CADModel:114 - Register for checkConnection events
2024-10-14 23:03:41,966 [FATAL] Updater:334 - Updater called before beeing initialized
2024-10-14 23:03:41,966 [ERROR] CADModel:125 - Updater not yet initialized, retry later 
2024-10-14 23:03:41,971 [FATAL] Updater:334 - Updater called before beeing initialized
2024-10-14 23:03:42,131 [FATAL] Updater:334 - Updater called before beeing initialized
2024-10-14 23:03:42,147 [INFO] DbMcusAds:53 - JSON generation date=Fri Sep 20 09:04:23 EDT 2024 (1726837463113)
2024-10-14 23:03:42,147 [FATAL] Updater:334 - Updater called before beeing initialized
2024-10-14 23:03:42,193 [WARN] DetailPanel:346 - Failed to get advertising image, set to default
2024-10-14 23:03:42,297 [FATAL] Updater:334 - Updater called before beeing initialized
2024-10-14 23:03:42,299 [FATAL] Updater:334 - Updater called before beeing initialized
2024-10-14 23:03:42,300 [FATAL] Updater:334 - Updater called before beeing initialized
2024-10-14 23:03:42,300 [WARN] DetailPanel:346 - Failed to get advertising image, set to default
2024-10-14 23:03:42,301 [FATAL] Updater:334 - Updater called before beeing initialized
2024-10-14 23:03:42,401 [ERROR] Updater:1164 - MainUpdater not yet initialized. External WinMGr cannot be set.
2024-10-14 23:03:42,418 [INFO] Updater:1100 - Updater Version found : 6.12.0
2024-10-14 23:03:42,446 [INFO] ApplicationProperties:184 - Using Application install path: C:\ST\STM32CubeIDE_1.16.0\STM32CubeIDE\plugins\com.st.stm32cube.common.mx_6.12.0.202406281431
2024-10-14 23:03:44,049 [ERROR] LogOutputStream:75 - [STDERR_REDIRECT] Oct 14, 2024 11:03:44 PM java.util.prefs.WindowsPreferences <init>
2024-10-14 23:03:44,051 [ERROR] LogOutputStream:75 - [STDERR_REDIRECT] WARNING: Could not open/create prefs root node Software\JavaSoft\Prefs at root 0xffffffff80000002. Windows RegCreateKeyEx(...) returned error code 5.
2024-10-14 23:03:44,052 [ERROR] LogOutputStream:75 - [STDERR_REDIRECT] 
2024-10-14 23:03:44,252 [INFO] ThirdPartyUpdaterWithRetryManager:70 - Updater plugin not ready yet. [3/15]
2024-10-14 23:03:44,460 [INFO] MainUpdater:2873 - connection check result : 10
2024-10-14 23:03:44,460 [INFO] MainUpdater:3567 - Updater definition file requires update
2024-10-14 23:03:44,462 [INFO] MainUpdater:290 - Updater Check For Update Now.
2024-10-14 23:03:44,462 [INFO] MicroXplorer:498 - Change Database Version : DB.6.0.120
2024-10-14 23:03:44,490 [INFO] McuFinderGlobals:63 - Set McuFinder mode to 2 (CubeIDE integrated)
2024-10-14 23:03:44,490 [INFO] UserAuth:179 - activating auth plugin
2024-10-14 23:03:44,494 [INFO] UserAuth:417 - Internet connection configuration mode: 1
2024-10-14 23:03:44,532 [INFO] JxBrowserEngine:152 - Initiate JxBrowser Engine with user profile folder
2024-10-14 23:03:44,635 [INFO] ServerAccessManage:473 - Download File updaters.zip
2024-10-14 23:03:44,761 [INFO] FileExtend:240 - Unzip File : updaters.zip
2024-10-14 23:03:44,762 [INFO] FileExtend:255 - Standard Zip Deflate
2024-10-14 23:03:46,012 [INFO] ServerAccessManage:473 - Download File PacksControlFlags.xml
2024-10-14 23:03:46,438 [INFO] ServerAccessManage:473 - Download File cubemx.pidx
2024-10-14 23:03:46,866 [INFO] LoadServerUpdatesThread:375 - End of LoadServerUpdate Thread
2024-10-14 23:03:47,255 [WARN] MainUpdater:1194 - Updater busy. Cannot search thirdparties
2024-10-14 23:03:47,256 [INFO] ThirdPartyUpdaterWithRetryManager:96 - Updater plugin is busy. [1/15]
2024-10-14 23:03:47,271 [INFO] CheckServerUpdateThread:120 - End of CheckServer Thread
2024-10-14 23:03:50,680 [WARN] PackLoader:240 - Cannot read IP mode file for STMicroelectronics.FP-SNS-MOTENVWB1.1.4.0
2024-10-14 23:03:50,710 [WARN] PackLoader:240 - Cannot read IP mode file for STMicroelectronics.X-CUBE-SMBUS.2.1.0
2024-10-14 23:03:50,737 [WARN] PackLoader:240 - Cannot read IP mode file for STMicroelectronics.X-CUBE-WB05N.1.1.0
2024-10-14 23:03:50,806 [WARN] PackLoader:240 - Cannot read IP mode file for STMicroelectronics.X-CUBE-AZRTOS-F7.1.1.0
2024-10-14 23:03:50,836 [WARN] PackLoader:240 - Cannot read IP mode file for STMicroelectronics.FP-SNS-FLIGHT1.5.0.2
2024-10-14 23:03:50,869 [WARN] PackLoader:240 - Cannot read IP mode file for STMicroelectronics.X-CUBE-DISPLAY.3.0.0
2024-10-14 23:03:50,910 [WARN] PackLoader:240 - Cannot read IP mode file for STMicroelectronics.X-CUBE-BLE1.7.0.0
2024-10-14 23:03:50,945 [WARN] PackLoader:240 - Cannot read IP mode file for STMicroelectronics.X-CUBE-NFC10.1.0.0
2024-10-14 23:03:50,972 [WARN] PackLoader:240 - Cannot read IP mode file for emotas.I-CUBE-CANOPEN.1.3.0
2024-10-14 23:03:50,999 [WARN] PackLoader:240 - Cannot read IP mode file for STMicroelectronics.X-CUBE-BLEMGR.3.1.0
2024-10-14 23:03:51,024 [WARN] PackLoader:240 - Cannot read IP mode file for STMicroelectronics.FP-SNS-SMARTAG2.1.2.0
2024-10-14 23:03:51,056 [INFO] LogOutputStream:77 - [STDOUT_REDIRECT] 1 : Invalid condition id : UX_CORESTACK_Condition cause : null
2024-10-14 23:03:51,057 [INFO] LogOutputStream:77 - [STDOUT_REDIRECT] 1 : Invalid condition id : UX_CORESTACK_Condition cause : null
2024-10-14 23:03:51,058 [INFO] LogOutputStream:77 - [STDOUT_REDIRECT] 1 : Invalid condition id : UX_CORESTACK_Condition cause : null
2024-10-14 23:03:51,060 [INFO] LogOutputStream:77 - [STDOUT_REDIRECT] 1 : Invalid condition id : UX_CORESTACK_Condition cause : null
2024-10-14 23:03:51,062 [INFO] LogOutputStream:77 - [STDOUT_REDIRECT] 1 : Invalid condition id : UX_CORESTACK_Condition cause : null
2024-10-14 23:03:51,067 [WARN] PackLoader:240 - Cannot read IP mode file for STMicroelectronics.X-CUBE-AZRTOS-WL.2.0.0
2024-10-14 23:03:51,088 [WARN] PackLoader:240 - Cannot read IP mode file for STMicroelectronics.FP-SNS-MOTENV1.5.0.0
2024-10-14 23:03:51,106 [WARN] PackLoader:240 - Cannot read IP mode file for wolfSSL.I-CUBE-wolfMQTT.1.19.0
2024-10-14 23:03:51,126 [WARN] PackLoader:240 - Cannot read IP mode file for WES.I-CUBE-Cesium.1.3.0
2024-10-14 23:03:51,146 [WARN] PackLoader:240 - Cannot read IP mode file for STMicroelectronics.X-CUBE-BLE2.3.3.0
2024-10-14 23:03:51,168 [WARN] PackLoader:240 - Cannot read IP mode file for STMicroelectronics.X-CUBE-NFC9.1.0.0
2024-10-14 23:03:51,188 [WARN] PackLoader:240 - Cannot read IP mode file for STMicroelectronics.X-CUBE-TCPP.4.1.0
2024-10-14 23:03:51,229 [WARN] PackLoader:240 - Cannot read IP mode file for STMicroelectronics.X-CUBE-AZRTOS-G0.1.1.0
2024-10-14 23:03:51,253 [WARN] PackLoader:240 - Cannot read IP mode file for STMicroelectronics.X-CUBE-SAFEA1.1.2.2
2024-10-14 23:03:51,276 [WARN] PackLoader:240 - Cannot read IP mode file for STMicroelectronics.X-CUBE-NFC4.3.0.0
2024-10-14 23:03:51,306 [WARN] PackLoader:240 - Cannot read IP mode file for EmbeddedOffice.I-CUBE-FS-RTOS.1.0.1
2024-10-14 23:03:51,306 [ERROR] ConditionMgr:805 - Attr not supported : Dmpu
2024-10-14 23:03:51,306 [ERROR] ConditionMgr:805 - Attr not supported : Dmpu
2024-10-14 23:03:51,306 [ERROR] ConditionMgr:805 - Attr not supported : Dmpu
2024-10-14 23:03:51,306 [ERROR] ConditionMgr:805 - Attr not supported : Dmpu
2024-10-14 23:03:51,306 [ERROR] ConditionMgr:805 - Attr not supported : Dmpu
2024-10-14 23:03:51,306 [ERROR] ConditionMgr:805 - Attr not supported : Dmpu
2024-10-14 23:03:51,306 [ERROR] ConditionMgr:805 - Attr not supported : Dmpu
2024-10-14 23:03:51,307 [ERROR] ConditionMgr:805 - Attr not supported : Dmpu
2024-10-14 23:03:51,307 [ERROR] ConditionMgr:805 - Attr not supported : Dmpu
2024-10-14 23:03:51,307 [ERROR] ConditionMgr:805 - Attr not supported : Dmpu
2024-10-14 23:03:51,307 [ERROR] ConditionMgr:805 - Attr not supported : Dmpu
2024-10-14 23:03:51,307 [ERROR] ConditionMgr:805 - Attr not supported : Dmpu
2024-10-14 23:03:51,307 [ERROR] ConditionMgr:805 - Attr not supported : Dmpu
2024-10-14 23:03:51,307 [ERROR] ConditionMgr:805 - Attr not supported : Dmpu
2024-10-14 23:03:51,307 [ERROR] ConditionMgr:805 - Attr not supported : Dmpu
2024-10-14 23:03:51,307 [ERROR] ConditionMgr:805 - Attr not supported : Dmpu
2024-10-14 23:03:51,307 [ERROR] ConditionMgr:805 - Attr not supported : Dmpu
2024-10-14 23:03:51,307 [ERROR] ConditionMgr:805 - Attr not supported : Dmpu
2024-10-14 23:03:51,307 [ERROR] ConditionMgr:805 - Attr not supported : Dmpu
2024-10-14 23:03:51,307 [ERROR] ConditionMgr:805 - Attr not supported : Dmpu
2024-10-14 23:03:51,307 [ERROR] ConditionMgr:805 - Attr not supported : Dmpu
2024-10-14 23:03:51,308 [ERROR] ConditionMgr:805 - Attr not supported : Dmpu
2024-10-14 23:03:51,308 [ERROR] ConditionMgr:805 - Attr not supported : Dmpu
2024-10-14 23:03:51,308 [ERROR] ConditionMgr:805 - Attr not supported : Dmpu
2024-10-14 23:03:51,308 [ERROR] ConditionMgr:805 - Attr not supported : Dmpu
2024-10-14 23:03:51,308 [ERROR] ConditionMgr:805 - Attr not supported : Dmpu
2024-10-14 23:03:51,308 [ERROR] ConditionMgr:805 - Attr not supported : Dmpu
2024-10-14 23:03:51,308 [ERROR] ConditionMgr:805 - Attr not supported : Dmpu
2024-10-14 23:03:51,308 [ERROR] ConditionMgr:805 - Attr not supported : Dmpu
2024-10-14 23:03:51,308 [ERROR] ConditionMgr:805 - Attr not supported : Dmpu
2024-10-14 23:03:51,308 [ERROR] ConditionMgr:805 - Attr not supported : Dmpu
2024-10-14 23:03:51,308 [ERROR] ConditionMgr:805 - Attr not supported : Dmpu
2024-10-14 23:03:51,308 [ERROR] ConditionMgr:805 - Attr not supported : Dmpu
2024-10-14 23:03:51,308 [ERROR] ConditionMgr:805 - Attr not supported : Dmpu
2024-10-14 23:03:51,309 [ERROR] ConditionMgr:805 - Attr not supported : Dmpu
2024-10-14 23:03:51,309 [ERROR] ConditionMgr:805 - Attr not supported : Dmpu
2024-10-14 23:03:51,309 [ERROR] ConditionMgr:805 - Attr not supported : Dmpu
2024-10-14 23:03:51,309 [ERROR] ConditionMgr:805 - Attr not supported : Dmpu
2024-10-14 23:03:51,309 [ERROR] ConditionMgr:805 - Attr not supported : Dmpu
2024-10-14 23:03:51,309 [ERROR] ConditionMgr:805 - Attr not supported : Dmpu
2024-10-14 23:03:51,309 [ERROR] ConditionMgr:805 - Attr not supported : Dmpu
2024-10-14 23:03:51,309 [ERROR] ConditionMgr:805 - Attr not supported : Dmpu
2024-10-14 23:03:51,309 [ERROR] ConditionMgr:805 - Attr not supported : Dmpu
2024-10-14 23:03:51,309 [ERROR] ConditionMgr:805 - Attr not supported : Dmpu
2024-10-14 23:03:51,309 [ERROR] ConditionMgr:805 - Attr not supported : Dmpu
2024-10-14 23:03:51,309 [ERROR] ConditionMgr:805 - Attr not supported : Dmpu
2024-10-14 23:03:51,309 [ERROR] ConditionMgr:805 - Attr not supported : Dmpu
2024-10-14 23:03:51,309 [ERROR] ConditionMgr:805 - Attr not supported : Dmpu
2024-10-14 23:03:51,310 [ERROR] ConditionMgr:805 - Attr not supported : Dmpu
2024-10-14 23:03:51,310 [ERROR] ConditionMgr:805 - Attr not supported : Dmpu
2024-10-14 23:03:51,310 [ERROR] ConditionMgr:805 - Attr not supported : Dmpu
2024-10-14 23:03:51,310 [ERROR] ConditionMgr:805 - Attr not supported : Dmpu
2024-10-14 23:03:51,310 [ERROR] ConditionMgr:805 - Attr not supported : Dmpu
2024-10-14 23:03:51,310 [ERROR] ConditionMgr:805 - Attr not supported : Dmpu
2024-10-14 23:03:51,310 [ERROR] ConditionMgr:805 - Attr not supported : Dmpu
2024-10-14 23:03:51,310 [ERROR] ConditionMgr:805 - Attr not supported : Dmpu
2024-10-14 23:03:51,310 [ERROR] ConditionMgr:805 - Attr not supported : Dmpu
2024-10-14 23:03:51,310 [ERROR] ConditionMgr:805 - Attr not supported : Dmpu
2024-10-14 23:03:51,310 [ERROR] ConditionMgr:805 - Attr not supported : Dmpu
2024-10-14 23:03:51,310 [ERROR] ConditionMgr:805 - Attr not supported : Dmpu
2024-10-14 23:03:51,311 [ERROR] ConditionMgr:805 - Attr not supported : Dmpu
2024-10-14 23:03:51,311 [ERROR] ConditionMgr:805 - Attr not supported : Dmpu
2024-10-14 23:03:51,311 [ERROR] ConditionMgr:805 - Attr not supported : Dmpu
2024-10-14 23:03:51,311 [ERROR] ConditionMgr:805 - Attr not supported : Dmpu
2024-10-14 23:03:51,333 [WARN] PackLoader:240 - Cannot read IP mode file for RealThread.X-CUBE-RT-Thread_Nano.4.1.1
2024-10-14 23:03:51,351 [WARN] PackLoader:240 - Cannot read IP mode file for STMicroelectronics.FP-ATR-SIGFOX1.3.2.0
2024-10-14 23:03:51,368 [WARN] PackLoader:240 - Cannot read IP mode file for wolfSSL.I-CUBE-wolfSSL.5.7.2
2024-10-14 23:03:51,388 [WARN] PackLoader:240 - Cannot read IP mode file for STMicroelectronics.X-CUBE-EEPRMA1.5.1.0
2024-10-14 23:03:51,410 [WARN] PackLoader:240 - Cannot read IP mode file for ITTIA_DB.I-CUBE-ITTIADB.8.9.0
2024-10-14 23:03:51,461 [WARN] PackLoader:240 - Cannot read IP mode file for SEGGER.I-CUBE-embOS.1.3.1
2024-10-14 23:03:51,531 [WARN] PackLoader:240 - Cannot read IP mode file for STMicroelectronics.X-CUBE-ALGOBUILD.1.4.0
2024-10-14 23:03:51,552 [WARN] PackLoader:240 - Cannot read IP mode file for STMicroelectronics.X-CUBE-AI.9.1.0
2024-10-14 23:03:51,599 [WARN] PackLoader:240 - Cannot read IP mode file for STMicroelectronics.X-CUBE-AZRTOS-F4.1.1.0
2024-10-14 23:03:51,625 [WARN] PackLoader:240 - Cannot read IP mode file for STMicroelectronics.X-CUBE-FREERTOS.1.2.0
2024-10-14 23:03:51,668 [WARN] PackLoader:240 - Cannot read IP mode file for STMicroelectronics.X-CUBE-AZRTOS-L5.2.0.0
2024-10-14 23:03:51,700 [WARN] PackLoader:240 - Cannot read IP mode file for STMicroelectronics.X-CUBE-NFC6.3.1.0
2024-10-14 23:03:51,722 [WARN] PackLoader:240 - Cannot read IP mode file for STMicroelectronics.X-CUBE-AI.9.0.0
2024-10-14 23:03:51,744 [WARN] PackLoader:240 - Cannot read IP mode file for STMicroelectronics.X-CUBE-NFC7.1.0.1
2024-10-14 23:03:51,790 [WARN] ConditionMgr:438 - getConditionDescription Invalid condition id : LAN8742 Phy interface Condition cause : null
2024-10-14 23:03:51,790 [WARN] PackLoader:240 - Cannot read IP mode file for STMicroelectronics.X-CUBE-AZRTOS-L4.2.0.0
2024-10-14 23:03:51,792 [WARN] ConditionMgr:1039 - genDependencies : Invalid condition id : LAN8742 Phy interface Condition cause : null
2024-10-14 23:03:51,793 [WARN] ConditionMgr:1039 - genDependencies : Invalid condition id : LAN8742 Phy interface Condition cause : null
2024-10-14 23:03:51,793 [WARN] ConditionMgr:1039 - genDependencies : Invalid condition id : LAN8742 Phy interface Condition cause : null
2024-10-14 23:03:51,820 [WARN] PackLoader:240 - Cannot read IP mode file for STMicroelectronics.X-CUBE-SFXS2LP1.4.0.0
2024-10-14 23:03:51,850 [WARN] PackLoader:240 - Cannot read IP mode file for STMicroelectronics.X-CUBE-IPS.3.0.0
2024-10-14 23:03:51,893 [WARN] ConditionMgr:438 - getConditionDescription Invalid condition id : UX DEVICE CLASS RTOS Condition cause : null
2024-10-14 23:03:51,894 [WARN] ConditionMgr:438 - getConditionDescription Invalid condition id : UX DEVICE CLASS RTOS Condition cause : null
2024-10-14 23:03:51,897 [WARN] PackLoader:240 - Cannot read IP mode file for STMicroelectronics.X-CUBE-AZRTOS-WB.2.0.0
2024-10-14 23:03:51,898 [WARN] ConditionMgr:1039 - genDependencies : Invalid condition id : UX DEVICE CLASS RTOS Condition cause : null
2024-10-14 23:03:51,898 [WARN] ConditionMgr:1039 - genDependencies : Invalid condition id : UX DEVICE CLASS RTOS Condition cause : null
2024-10-14 23:03:51,899 [WARN] ConditionMgr:1039 - genDependencies : Invalid condition id : UX DEVICE CLASS RTOS Condition cause : null
2024-10-14 23:03:51,899 [WARN] ConditionMgr:1039 - genDependencies : Invalid condition id : UX DEVICE CLASS RTOS Condition cause : null
2024-10-14 23:03:51,899 [WARN] ConditionMgr:1039 - genDependencies : Invalid condition id : UX DEVICE CLASS RTOS Condition cause : null
2024-10-14 23:03:51,933 [WARN] PackLoader:240 - Cannot read IP mode file for STMicroelectronics.X-CUBE-SUBG2.5.0.0
2024-10-14 23:03:51,960 [WARN] PackLoader:240 - Cannot read IP mode file for Cesanta.I-CUBE-Mongoose.7.13.0
2024-10-14 23:03:52,007 [WARN] PackLoader:240 - Cannot read IP mode file for STMicroelectronics.X-CUBE-AZRTOS-G4.2.0.0
2024-10-14 23:03:52,029 [WARN] PackLoader:240 - Cannot read IP mode file for STMicroelectronics.X-CUBE-ALS.1.0.2
2024-10-14 23:03:52,048 [WARN] PackLoader:240 - Cannot read IP mode file for STMicroelectronics.X-CUBE-TOUCHGFX.4.24.0
2024-10-14 23:03:52,066 [WARN] PackLoader:240 - Cannot read IP mode file for STMicroelectronics.X-CUBE-TOUCHGFX.4.24.1
2024-10-14 23:03:52,085 [WARN] PackLoader:240 - Cannot read IP mode file for wolfSSL.I-CUBE-wolfTPM.3.4.0
2024-10-14 23:03:52,106 [WARN] PackLoader:240 - Cannot read IP mode file for portGmbH.I-Cube-SoM-uGOAL.1.1.0
2024-10-14 23:03:52,149 [WARN] PackLoader:240 - Cannot read IP mode file for STMicroelectronics.X-CUBE-AZRTOS-H7RS.1.0.0
2024-10-14 23:03:52,170 [WARN] PackLoader:240 - Cannot read IP mode file for STMicroelectronics.FP-ATR-ASTRA1.2.0.0
2024-10-14 23:03:52,222 [WARN] PackLoader:240 - Cannot read IP mode file for Infineon.AIROC-Wi-Fi-Bluetooth-STM32.1.6.1
2024-10-14 23:03:52,254 [WARN] PackLoader:240 - Cannot read IP mode file for wolfSSL.I-CUBE-wolfSSH.1.4.17
2024-10-14 23:03:52,255 [INFO] ThirdParty:978 - Integrity check success = true
2024-10-14 23:03:52,255 [INFO] IntegrityCheckThread:100 - exiting critical section [integrity check]
2024-10-14 23:03:52,256 [INFO] IntegrityCheckThread:103 - End integrity checks thread
2024-10-14 23:03:56,295 [INFO] WebApp:167 - Instantiating new browser for Auth
2024-10-14 23:03:57,435 [INFO] WebApp:448 - Apply proxy settings
2024-10-14 23:03:57,435 [INFO] WebApp:533 - Chromium requires no authentication
2024-10-14 23:03:57,451 [INFO] WebApp:476 - Direct internet connection detected
2024-10-14 23:03:57,496 [INFO] WebApp:869 - Register for checkConnection events
2024-10-14 23:03:57,497 [INFO] WebApp:448 - Apply proxy settings
2024-10-14 23:03:57,497 [INFO] WebApp:533 - Chromium requires no authentication
2024-10-14 23:03:57,497 [INFO] WebApp:476 - Direct internet connection detected
2024-10-14 23:03:57,770 [INFO] WebApp:220 - Starting web application
2024-10-14 23:03:57,770 [INFO] WebApp:578 - Web application path used C:\ST\STM32CubeIDE_1.16.0\STM32CubeIDE\plugins\com.st.stm32cube.common.mx_6.12.0.202406281431\db\plugins\mcufinder\reactClient1\index.html
2024-10-14 23:03:57,949 [INFO] WebApp:186 - Connection restablished
