2024-09-17 00:24:58,237 [INFO] Activator:176 - 


2024-09-17 00:24:58,242 [INFO] Activator:177 - !SESSION log4j initialized
2024-09-17 00:25:04,164 [INFO] LogOutputStream:77 - [STDOUT_REDIRECT] 
2024-09-17 00:25:08,418 [INFO] ApplicationProperties:184 - Using Application install path: C:\ST\STM32CubeIDE_1.16.0\STM32CubeIDE\plugins\com.st.stm32cube.common.mx_6.12.0.202406281431
2024-09-17 00:25:08,446 [INFO] DbMcusXml:78 - Set database path to: C:\ST\STM32CubeIDE_1.16.0\STM32CubeIDE\plugins\com.st.stm32cube.common.mx_6.12.0.202406281431\\db\/mcu/
2024-09-17 00:25:08,447 [INFO] ApiDb:274 - Set plugin database path to: C:\ST\STM32CubeIDE_1.16.0\STM32CubeIDE\plugins\com.st.stm32cube.common.mx_6.12.0.202406281431\\db\/plugins/boardmanager/
2024-09-17 00:25:08,448 [WARN] ApiDb:259 - Overriding images path with different value:  => C:\ST\STM32CubeIDE_1.16.0\STM32CubeIDE\plugins\com.st.stm32cube.common.mx_6.12.0.202406281431\\db\/plugins/mcufinder/images/
2024-09-17 00:25:11,280 [WARN] ApiFinderProperties:113 - C:\Users\Robin\.stmcufinder\plugins\mcufinder\mcu\mcuFinder.mfd doesn't exist
2024-09-17 00:25:11,282 [INFO] ApiDb:250 - Set database path to: C:\Users\Robin\.stmcufinder\plugins\mcufinder//mcu/
2024-09-17 00:25:11,285 [INFO] DbMcusAds:125 - Set database path to: C:\Users\Robin\.stmcufinder\plugins\mcufinder//mcu/
2024-09-17 00:25:11,290 [INFO] CrossReferenceDbSqlite:203 - Set database path to: C:\Users\Robin\.stmcufinder\plugins\mcufinder//mcu/cs/
2024-09-17 00:25:11,497 [INFO] RulesReader:64 - Compatibility file has been processed (297 Rules)
2024-09-17 00:25:11,607 [INFO] DbMcusXml:78 - Set database path to: C:\ST\STM32CubeIDE_1.16.0\STM32CubeIDE\plugins\com.st.stm32cube.common.mx_6.12.0.202406281431\\db\/mcu/
2024-09-17 00:25:11,608 [INFO] ApiDb:274 - Set plugin database path to: C:\ST\STM32CubeIDE_1.16.0\STM32CubeIDE\plugins\com.st.stm32cube.common.mx_6.12.0.202406281431\\db\/plugins/boardmanager/
2024-09-17 00:25:11,608 [INFO] ApiDb:261 - Set plugin images path to: C:\ST\STM32CubeIDE_1.16.0\STM32CubeIDE\plugins\com.st.stm32cube.common.mx_6.12.0.202406281431\\db\/plugins/mcufinder/images/
2024-09-17 00:25:11,608 [WARN] DbFile:41 - Overriding database path with different value: C:\Users\Robin\.stmcufinder\plugins\mcufinder/ => C:\Users\Robin\.stmcufinder\plugins\mcufinder
2024-09-17 00:25:11,608 [INFO] ApiDb:250 - Set database path to: C:\Users\Robin\.stmcufinder\plugins\mcufinder//mcu/
2024-09-17 00:25:11,609 [WARN] DbFile:41 - Overriding database path with different value: C:\Users\Robin\.stmcufinder\plugins\mcufinder/ => C:\Users\Robin\.stmcufinder\plugins\mcufinder
2024-09-17 00:25:11,609 [INFO] DbMcusAds:125 - Set database path to: C:\Users\Robin\.stmcufinder\plugins\mcufinder//mcu/
2024-09-17 00:25:11,609 [WARN] DbFile:41 - Overriding database path with different value: C:\Users\Robin\.stmcufinder\plugins\mcufinder/ => C:\Users\Robin\.stmcufinder\plugins\mcufinder
2024-09-17 00:25:11,609 [WARN] DbFile:41 - Overriding database path with different value: C:\Users\Robin\.stmcufinder\plugins\mcufinder/ => C:\Users\Robin\.stmcufinder\plugins\mcufinder
2024-09-17 00:25:11,609 [INFO] CrossReferenceDbSqlite:203 - Set database path to: C:\Users\Robin\.stmcufinder\plugins\mcufinder//mcu/cs/
2024-09-17 00:25:11,734 [INFO] MainPanel:268 - HeapMemory: 268435456
2024-09-17 00:25:11,930 [INFO] DbMcusXml:78 - Set database path to: C:\ST\STM32CubeIDE_1.16.0\STM32CubeIDE\plugins\com.st.stm32cube.common.mx_6.12.0.202406281431\\db\/mcu/
2024-09-17 00:25:11,930 [INFO] ApiDb:274 - Set plugin database path to: C:\ST\STM32CubeIDE_1.16.0\STM32CubeIDE\plugins\com.st.stm32cube.common.mx_6.12.0.202406281431\\db\/plugins/boardmanager/
2024-09-17 00:25:11,931 [INFO] ApiDb:261 - Set plugin images path to: C:\ST\STM32CubeIDE_1.16.0\STM32CubeIDE\plugins\com.st.stm32cube.common.mx_6.12.0.202406281431\\db\/plugins/mcufinder/images/
2024-09-17 00:25:11,931 [WARN] DbFile:41 - Overriding database path with different value: C:\Users\Robin\.stmcufinder\plugins\mcufinder/ => C:\Users\Robin\.stmcufinder\plugins\mcufinder
2024-09-17 00:25:11,932 [INFO] ApiDb:250 - Set database path to: C:\Users\Robin\.stmcufinder\plugins\mcufinder//mcu/
2024-09-17 00:25:11,932 [WARN] DbFile:41 - Overriding database path with different value: C:\Users\Robin\.stmcufinder\plugins\mcufinder/ => C:\Users\Robin\.stmcufinder\plugins\mcufinder
2024-09-17 00:25:11,932 [INFO] DbMcusAds:125 - Set database path to: C:\Users\Robin\.stmcufinder\plugins\mcufinder//mcu/
2024-09-17 00:25:11,932 [WARN] DbFile:41 - Overriding database path with different value: C:\Users\Robin\.stmcufinder\plugins\mcufinder/ => C:\Users\Robin\.stmcufinder\plugins\mcufinder
2024-09-17 00:25:11,932 [WARN] DbFile:41 - Overriding database path with different value: C:\Users\Robin\.stmcufinder\plugins\mcufinder/ => C:\Users\Robin\.stmcufinder\plugins\mcufinder
2024-09-17 00:25:11,932 [INFO] CrossReferenceDbSqlite:203 - Set database path to: C:\Users\Robin\.stmcufinder\plugins\mcufinder//mcu/cs/
2024-09-17 00:25:11,970 [INFO] ApplicationProperties:184 - Using Application install path: C:\ST\STM32CubeIDE_1.16.0\STM32CubeIDE\plugins\com.st.stm32cube.common.mx_6.12.0.202406281431
2024-09-17 00:25:11,973 [INFO] PluginManage:196 - Search for loadable plugins [exclusion list=, ]
2024-09-17 00:25:11,977 [INFO] PluginManage:310 - Check plugin analytics
2024-09-17 00:25:12,249 [INFO] AnalyticsPlugin:253 - Accepted Software Licenses: 
2024-09-17 00:25:12,250 [INFO] AnalyticsPlugin:255 - Accepted CMSIS Pack Licenses: 
2024-09-17 00:25:12,250 [INFO] AnalyticsPlugin:257 - Accepted Firmware Licenses: 
2024-09-17 00:25:12,256 [INFO] PluginManage:359 - Loaded plugin analytics (category:tool,tabindex:-1)
2024-09-17 00:25:12,257 [INFO] PluginManage:310 - Check plugin cadmodel
2024-09-17 00:25:12,269 [INFO] CADModel:105 - Init CAD model plugin
2024-09-17 00:25:12,269 [INFO] PluginManage:359 - Loaded plugin cadmodel (category:power,tabindex:5)
2024-09-17 00:25:12,270 [INFO] PluginManage:310 - Check plugin clock
2024-09-17 00:25:12,290 [INFO] PluginManage:359 - Loaded plugin clock (category:base,tabindex:2)
2024-09-17 00:25:12,290 [INFO] PluginManage:310 - Check plugin ddr
2024-09-17 00:25:12,294 [INFO] PluginManage:359 - Loaded plugin ddr (category:tool,tabindex:6)
2024-09-17 00:25:12,295 [INFO] PluginManage:310 - Check plugin filemanager
2024-09-17 00:25:12,530 [INFO] PluginManage:359 - Loaded plugin filemanager (category:base,tabindex:10)
2024-09-17 00:25:12,530 [INFO] PluginManage:310 - Check plugin ipmanager
2024-09-17 00:25:12,546 [INFO] PluginManage:359 - Loaded plugin ipmanager (category:base,tabindex:5)
2024-09-17 00:25:12,546 [INFO] PluginManage:310 - Check plugin lpbam
2024-09-17 00:25:12,584 [INFO] PluginManage:359 - Loaded plugin lpbam (category:base,tabindex:0)
2024-09-17 00:25:12,584 [INFO] PluginManage:310 - Check plugin memorymap
2024-09-17 00:25:12,607 [INFO] PluginManage:359 - Loaded plugin memorymap (category:base,tabindex:4)
2024-09-17 00:25:12,608 [INFO] PluginManage:310 - Check plugin pinoutandconfiguration
2024-09-17 00:25:12,621 [INFO] PluginManage:359 - Loaded plugin pinoutandconfiguration (category:base,tabindex:1)
2024-09-17 00:25:12,621 [INFO] PluginManage:310 - Check plugin pinoutconfig
2024-09-17 00:25:12,768 [WARN] SupportedApi:132 - Cannot load RTOS API schema: s4s-elt-must-match.1: The content of 'definitions' must match (annotation?, (simpleType | complexType)?, (unique | key | keyref)*)). A problem was found starting at: attribute.
2024-09-17 00:25:13,031 [INFO] PluginManage:359 - Loaded plugin pinoutconfig (category:base,tabindex:0)
2024-09-17 00:25:13,031 [INFO] PluginManage:310 - Check plugin power
2024-09-17 00:25:13,044 [INFO] PluginManage:359 - Loaded plugin power (category:power,tabindex:4)
2024-09-17 00:25:13,044 [INFO] PluginManage:310 - Check plugin projectmanager
2024-09-17 00:25:13,074 [INFO] PluginManage:359 - Loaded plugin projectmanager (category:projectmanager,tabindex:4)
2024-09-17 00:25:13,074 [INFO] PluginManage:310 - Check plugin rif
2024-09-17 00:25:13,083 [INFO] PluginManage:359 - Loaded plugin rif (category:base,tabindex:3)
2024-09-17 00:25:13,083 [INFO] PluginManage:310 - Check plugin thirdparty
2024-09-17 00:25:13,275 [INFO] PluginManage:359 - Loaded plugin thirdparty (category:base,tabindex:-1)
2024-09-17 00:25:13,275 [WARN] IntegrityCheckThread:84 - waiting for thirdparty lock release [integrity check]
2024-09-17 00:25:13,275 [INFO] PluginManage:310 - Check plugin tools
2024-09-17 00:25:13,275 [INFO] IntegrityCheckThread:86 - entering critical section [integrity check]
2024-09-17 00:25:13,276 [INFO] ThirdPartyUpdaterWithRetryManager:70 - Updater plugin not ready yet. [1/15]
2024-09-17 00:25:13,280 [INFO] PluginManage:359 - Loaded plugin tools (category:base,tabindex:7)
2024-09-17 00:25:13,280 [INFO] PluginManage:310 - Check plugin tutovideos
2024-09-17 00:25:13,583 [INFO] PluginManage:359 - Loaded plugin tutovideos (category:base,tabindex:-1)
2024-09-17 00:25:13,584 [INFO] PluginManage:310 - Check plugin updater
2024-09-17 00:25:13,610 [INFO] PluginManage:359 - Loaded plugin updater (category:base,tabindex:12)
2024-09-17 00:25:13,611 [INFO] PluginManage:310 - Check plugin userauth
2024-09-17 00:25:13,619 [INFO] UserAuth:113 - Init User Auth plugin
2024-09-17 00:25:13,619 [INFO] PluginManage:359 - Loaded plugin userauth (category:base,tabindex:14)
2024-09-17 00:25:13,620 [INFO] PluginManage:283 - PluginManage : Loaded plugins [18]
2024-09-17 00:25:13,954 [INFO] PinOutPanel:1561 - setPackage(No Configuration,No Configuration)
2024-09-17 00:25:14,126 [INFO] CADModel:165 - CPN selected for project level
2024-09-17 00:25:14,127 [INFO] CADModel:114 - Register for checkConnection events
2024-09-17 00:25:14,151 [INFO] IPUIPlugin:80 - create IPUIPlugin
2024-09-17 00:25:14,151 [INFO] PluginManager:220 - loadIPPluginJar : add adc
2024-09-17 00:25:14,156 [INFO] IPUIPlugin:80 - create IPUIPlugin
2024-09-17 00:25:14,156 [INFO] PluginManager:220 - loadIPPluginJar : add aes
2024-09-17 00:25:14,159 [INFO] IPUIPlugin:80 - create IPUIPlugin
2024-09-17 00:25:14,159 [INFO] PluginManager:220 - loadIPPluginJar : add can
2024-09-17 00:25:14,161 [INFO] IPUIPlugin:80 - create IPUIPlugin
2024-09-17 00:25:14,162 [INFO] PluginManager:220 - loadIPPluginJar : add comp
2024-09-17 00:25:14,166 [INFO] IPUIPlugin:80 - create IPUIPlugin
2024-09-17 00:25:14,166 [INFO] PluginManager:220 - loadIPPluginJar : add cryp
2024-09-17 00:25:14,170 [INFO] IPUIPlugin:80 - create IPUIPlugin
2024-09-17 00:25:14,171 [INFO] PluginManager:220 - loadIPPluginJar : add ddr_ctrl_phy
2024-09-17 00:25:14,174 [INFO] IPUIPlugin:80 - create IPUIPlugin
2024-09-17 00:25:14,175 [INFO] PluginManager:220 - loadIPPluginJar : add dfsdm
2024-09-17 00:25:14,183 [INFO] IPUIPlugin:80 - create IPUIPlugin
2024-09-17 00:25:14,183 [INFO] PluginManager:220 - loadIPPluginJar : add dma
2024-09-17 00:25:14,187 [INFO] IPUIPlugin:80 - create IPUIPlugin
2024-09-17 00:25:14,187 [INFO] PluginManager:220 - loadIPPluginJar : add dma3
2024-09-17 00:25:14,192 [INFO] IPUIPlugin:80 - create IPUIPlugin
2024-09-17 00:25:14,192 [INFO] PluginManager:220 - loadIPPluginJar : add extmemmanager
2024-09-17 00:25:14,194 [INFO] IPUIPlugin:80 - create IPUIPlugin
2024-09-17 00:25:14,194 [INFO] PluginManager:220 - loadIPPluginJar : add fatfs
2024-09-17 00:25:14,200 [INFO] IPUIPlugin:80 - create IPUIPlugin
2024-09-17 00:25:14,201 [INFO] PluginManager:220 - loadIPPluginJar : add fmc
2024-09-17 00:25:14,207 [INFO] IPUIPlugin:80 - create IPUIPlugin
2024-09-17 00:25:14,207 [INFO] PluginManager:220 - loadIPPluginJar : add freertos
2024-09-17 00:25:14,210 [INFO] IPUIPlugin:80 - create IPUIPlugin
2024-09-17 00:25:14,210 [INFO] PluginManager:220 - loadIPPluginJar : add genericplugin
2024-09-17 00:25:14,213 [INFO] IPUIPlugin:80 - create IPUIPlugin
2024-09-17 00:25:14,213 [INFO] PluginManager:220 - loadIPPluginJar : add gfxmmu
2024-09-17 00:25:14,220 [INFO] IPUIPlugin:80 - create IPUIPlugin
2024-09-17 00:25:14,220 [INFO] PluginManager:220 - loadIPPluginJar : add gic
2024-09-17 00:25:14,227 [INFO] IPUIPlugin:80 - create IPUIPlugin
2024-09-17 00:25:14,227 [INFO] PluginManager:220 - loadIPPluginJar : add gpio
2024-09-17 00:25:14,230 [INFO] IPUIPlugin:80 - create IPUIPlugin
2024-09-17 00:25:14,230 [INFO] PluginManager:220 - loadIPPluginJar : add gtzc
2024-09-17 00:25:14,233 [INFO] IPUIPlugin:80 - create IPUIPlugin
2024-09-17 00:25:14,234 [INFO] PluginManager:220 - loadIPPluginJar : add hash
2024-09-17 00:25:14,237 [INFO] IPUIPlugin:80 - create IPUIPlugin
2024-09-17 00:25:14,237 [INFO] PluginManager:220 - loadIPPluginJar : add i2c
2024-09-17 00:25:14,240 [INFO] IPUIPlugin:80 - create IPUIPlugin
2024-09-17 00:25:14,240 [INFO] PluginManager:220 - loadIPPluginJar : add i2s
2024-09-17 00:25:14,245 [INFO] IPUIPlugin:80 - create IPUIPlugin
2024-09-17 00:25:14,246 [INFO] PluginManager:220 - loadIPPluginJar : add i3c
2024-09-17 00:25:14,250 [INFO] IPUIPlugin:80 - create IPUIPlugin
2024-09-17 00:25:14,250 [INFO] PluginManager:220 - loadIPPluginJar : add ipddr
2024-09-17 00:25:14,257 [INFO] IPUIPlugin:80 - create IPUIPlugin
2024-09-17 00:25:14,258 [INFO] PluginManager:220 - loadIPPluginJar : add linkedlist
2024-09-17 00:25:14,263 [INFO] IPUIPlugin:80 - create IPUIPlugin
2024-09-17 00:25:14,263 [INFO] PluginManager:220 - loadIPPluginJar : add lorawan
2024-09-17 00:25:14,265 [INFO] IPUIPlugin:80 - create IPUIPlugin
2024-09-17 00:25:14,265 [INFO] PluginManager:220 - loadIPPluginJar : add ltdc
2024-09-17 00:25:14,274 [INFO] IPUIPlugin:80 - create IPUIPlugin
2024-09-17 00:25:14,274 [INFO] PluginManager:220 - loadIPPluginJar : add mdma
2024-09-17 00:25:14,284 [INFO] IPUIPlugin:80 - create IPUIPlugin
2024-09-17 00:25:14,284 [INFO] PluginManager:220 - loadIPPluginJar : add nvic
2024-09-17 00:25:14,291 [INFO] IPUIPlugin:80 - create IPUIPlugin
2024-09-17 00:25:14,291 [INFO] PluginManager:220 - loadIPPluginJar : add opamp
2024-09-17 00:25:14,302 [INFO] IPUIPlugin:80 - create IPUIPlugin
2024-09-17 00:25:14,303 [INFO] PluginManager:220 - loadIPPluginJar : add openamp
2024-09-17 00:25:14,313 [INFO] IPUIPlugin:80 - create IPUIPlugin
2024-09-17 00:25:14,313 [INFO] PluginManager:220 - loadIPPluginJar : add pdm2pcm
2024-09-17 00:25:14,330 [INFO] IPUIPlugin:80 - create IPUIPlugin
2024-09-17 00:25:14,335 [INFO] PluginManager:220 - loadIPPluginJar : add plateformsettings
2024-09-17 00:25:14,338 [INFO] IPUIPlugin:80 - create IPUIPlugin
2024-09-17 00:25:14,338 [INFO] PluginManager:220 - loadIPPluginJar : add quadspi
2024-09-17 00:25:14,344 [INFO] IPUIPlugin:80 - create IPUIPlugin
2024-09-17 00:25:14,346 [INFO] PluginManager:220 - loadIPPluginJar : add radio
2024-09-17 00:25:14,352 [INFO] IPUIPlugin:80 - create IPUIPlugin
2024-09-17 00:25:14,353 [INFO] PluginManager:220 - loadIPPluginJar : add resmgrutility
2024-09-17 00:25:14,360 [INFO] IPUIPlugin:80 - create IPUIPlugin
2024-09-17 00:25:14,360 [INFO] PluginManager:220 - loadIPPluginJar : add sai
2024-09-17 00:25:14,366 [INFO] IPUIPlugin:80 - create IPUIPlugin
2024-09-17 00:25:14,366 [INFO] PluginManager:220 - loadIPPluginJar : add spi
2024-09-17 00:25:14,374 [INFO] IPUIPlugin:80 - create IPUIPlugin
2024-09-17 00:25:14,375 [INFO] PluginManager:220 - loadIPPluginJar : add stm32_wpan
2024-09-17 00:25:14,377 [INFO] IPUIPlugin:80 - create IPUIPlugin
2024-09-17 00:25:14,377 [INFO] PluginManager:220 - loadIPPluginJar : add tim
2024-09-17 00:25:14,382 [INFO] IPUIPlugin:80 - create IPUIPlugin
2024-09-17 00:25:14,382 [INFO] PluginManager:220 - loadIPPluginJar : add touchsensing
2024-09-17 00:25:14,384 [INFO] IPUIPlugin:80 - create IPUIPlugin
2024-09-17 00:25:14,385 [INFO] PluginManager:220 - loadIPPluginJar : add tracer_emb
2024-09-17 00:25:14,387 [INFO] IPUIPlugin:80 - create IPUIPlugin
2024-09-17 00:25:14,388 [INFO] PluginManager:220 - loadIPPluginJar : add ts
2024-09-17 00:25:14,391 [INFO] IPUIPlugin:80 - create IPUIPlugin
2024-09-17 00:25:14,391 [INFO] PluginManager:220 - loadIPPluginJar : add tsc
2024-09-17 00:25:14,394 [INFO] IPUIPlugin:80 - create IPUIPlugin
2024-09-17 00:25:14,394 [INFO] PluginManager:220 - loadIPPluginJar : add ucpd
2024-09-17 00:25:14,399 [INFO] IPUIPlugin:80 - create IPUIPlugin
2024-09-17 00:25:14,399 [INFO] PluginManager:220 - loadIPPluginJar : add usart
2024-09-17 00:25:14,404 [INFO] IPUIPlugin:80 - create IPUIPlugin
2024-09-17 00:25:14,404 [INFO] PluginManager:220 - loadIPPluginJar : add usbx
2024-09-17 00:25:14,597 [INFO] CADModel:165 - CPN selected for project level
2024-09-17 00:25:14,598 [INFO] CADModel:114 - Register for checkConnection events
2024-09-17 00:25:14,598 [FATAL] Updater:334 - Updater called before beeing initialized
2024-09-17 00:25:14,598 [ERROR] CADModel:125 - Updater not yet initialized, retry later 
2024-09-17 00:25:14,846 [INFO] CADModel:165 - CPN selected for project level
2024-09-17 00:25:14,846 [INFO] CADModel:114 - Register for checkConnection events
2024-09-17 00:25:14,846 [FATAL] Updater:334 - Updater called before beeing initialized
2024-09-17 00:25:14,846 [ERROR] CADModel:125 - Updater not yet initialized, retry later 
2024-09-17 00:25:14,850 [FATAL] Updater:334 - Updater called before beeing initialized
2024-09-17 00:25:15,100 [FATAL] Updater:334 - Updater called before beeing initialized
2024-09-17 00:25:15,106 [INFO] DbMcusAds:53 - JSON generation date=Thu Sep 30 02:55:09 EDT 2021 (1632984909247)
2024-09-17 00:25:15,106 [FATAL] Updater:334 - Updater called before beeing initialized
2024-09-17 00:25:15,173 [WARN] DetailPanel:346 - Failed to get advertising image, set to default
2024-09-17 00:25:15,306 [FATAL] Updater:334 - Updater called before beeing initialized
2024-09-17 00:25:15,309 [FATAL] Updater:334 - Updater called before beeing initialized
2024-09-17 00:25:15,309 [FATAL] Updater:334 - Updater called before beeing initialized
2024-09-17 00:25:15,309 [WARN] DetailPanel:346 - Failed to get advertising image, set to default
2024-09-17 00:25:15,311 [FATAL] Updater:334 - Updater called before beeing initialized
2024-09-17 00:25:15,397 [ERROR] Updater:1164 - MainUpdater not yet initialized. External WinMGr cannot be set.
2024-09-17 00:25:15,400 [INFO] Updater:1100 - Updater Version found : 6.12.0
2024-09-17 00:25:15,423 [INFO] ApplicationProperties:184 - Using Application install path: C:\ST\STM32CubeIDE_1.16.0\STM32CubeIDE\plugins\com.st.stm32cube.common.mx_6.12.0.202406281431
2024-09-17 00:25:16,277 [INFO] ThirdPartyUpdaterWithRetryManager:70 - Updater plugin not ready yet. [2/15]
2024-09-17 00:25:17,011 [ERROR] LogOutputStream:75 - [STDERR_REDIRECT] Sep 17, 2024 12:25:17 AM java.util.prefs.WindowsPreferences <init>
2024-09-17 00:25:17,016 [ERROR] LogOutputStream:75 - [STDERR_REDIRECT] WARNING: Could not open/create prefs root node Software\JavaSoft\Prefs at root 0xffffffff80000002. Windows RegCreateKeyEx(...) returned error code 5.
2024-09-17 00:25:17,016 [ERROR] LogOutputStream:75 - [STDERR_REDIRECT] 
2024-09-17 00:25:17,054 [INFO] MainUpdater:526 - Copy updater definitions from MX database
2024-09-17 00:25:17,139 [INFO] MainUpdater:559 - Copy flag file definitions from MX database
2024-09-17 00:25:17,144 [INFO] MainUpdater:575 - Copy thirdparty index definitions from MX database
2024-09-17 00:25:17,147 [INFO] MainUpdater:594 - Copy default thirdparty db definitions from MX database
2024-09-17 00:25:17,455 [INFO] MainUpdater:2873 - connection check result : 10
2024-09-17 00:25:17,456 [INFO] MainUpdater:3567 - Updater definition file requires update
2024-09-17 00:25:17,458 [INFO] MainUpdater:290 - Updater Check For Update Now.
2024-09-17 00:25:17,459 [INFO] MicroXplorer:498 - Change Database Version : DB.6.0.120
2024-09-17 00:25:17,483 [INFO] McuFinderGlobals:63 - Set McuFinder mode to 2 (CubeIDE integrated)
2024-09-17 00:25:17,484 [INFO] UserAuth:179 - activating auth plugin
2024-09-17 00:25:17,489 [INFO] UserAuth:417 - Internet connection configuration mode: 1
2024-09-17 00:25:17,522 [INFO] JxBrowserEngine:152 - Initiate JxBrowser Engine with user profile folder
2024-09-17 00:25:18,166 [INFO] ServerAccessManage:473 - Download File updaters.zip
2024-09-17 00:25:18,303 [INFO] FileExtend:240 - Unzip File : updaters.zip
2024-09-17 00:25:18,303 [INFO] FileExtend:255 - Standard Zip Deflate
2024-09-17 00:25:19,159 [INFO] ServerAccessManage:473 - Download File PacksControlFlags.xml
2024-09-17 00:25:19,281 [WARN] MainUpdater:1194 - Updater busy. Cannot search thirdparties
2024-09-17 00:25:19,281 [INFO] ThirdPartyUpdaterWithRetryManager:96 - Updater plugin is busy. [1/15]
2024-09-17 00:25:19,379 [INFO] ServerAccessManage:473 - Download File cubemx.pidx
2024-09-17 00:25:19,973 [INFO] ServerAccessManage:473 - Download File STMicroelectronics.FP-ATR-ASTRA1.pdsc
2024-09-17 00:25:20,917 [INFO] ServerAccessManage:473 - Download File STMicroelectronics.FP-ATR-SIGFOX1.pdsc
2024-09-17 00:25:21,978 [INFO] ServerAccessManage:473 - Download File STMicroelectronics.FP-SNS-STBOX1.pdsc
2024-09-17 00:25:22,200 [INFO] ServerAccessManage:473 - Download File STMicroelectronics.FP-SNS-FLIGHT1.pdsc
2024-09-17 00:25:22,282 [WARN] MainUpdater:1194 - Updater busy. Cannot search thirdparties
2024-09-17 00:25:22,282 [INFO] ThirdPartyUpdaterWithRetryManager:96 - Updater plugin is busy. [2/15]
2024-09-17 00:25:22,949 [INFO] ServerAccessManage:473 - Download File STMicroelectronics.FP-SNS-MOTENV1.pdsc
2024-09-17 00:25:24,437 [INFO] ServerAccessManage:473 - Download File STMicroelectronics.FP-SNS-MOTENVWB1.pdsc
2024-09-17 00:25:25,128 [INFO] ServerAccessManage:473 - Download File STMicroelectronics.FP-SNS-SMARTAG2.pdsc
2024-09-17 00:25:25,284 [WARN] MainUpdater:1194 - Updater busy. Cannot search thirdparties
2024-09-17 00:25:25,284 [INFO] ThirdPartyUpdaterWithRetryManager:96 - Updater plugin is busy. [3/15]
2024-09-17 00:25:26,031 [INFO] ServerAccessManage:473 - Download File STMicroelectronics.X-CUBE-AI.pdsc
2024-09-17 00:25:27,134 [INFO] WebApp:167 - Instantiating new browser for Auth
2024-09-17 00:25:28,285 [WARN] MainUpdater:1194 - Updater busy. Cannot search thirdparties
2024-09-17 00:25:28,285 [INFO] ThirdPartyUpdaterWithRetryManager:96 - Updater plugin is busy. [4/15]
2024-09-17 00:25:28,307 [INFO] WebApp:448 - Apply proxy settings
2024-09-17 00:25:28,308 [INFO] WebApp:533 - Chromium requires no authentication
2024-09-17 00:25:28,326 [INFO] WebApp:476 - Direct internet connection detected
2024-09-17 00:25:28,365 [INFO] WebApp:869 - Register for checkConnection events
2024-09-17 00:25:28,365 [INFO] WebApp:448 - Apply proxy settings
2024-09-17 00:25:28,365 [INFO] WebApp:533 - Chromium requires no authentication
2024-09-17 00:25:28,366 [INFO] WebApp:476 - Direct internet connection detected
2024-09-17 00:25:28,625 [INFO] WebApp:186 - Connection restablished
2024-09-17 00:25:28,700 [INFO] WebApp:220 - Starting web application
2024-09-17 00:25:28,700 [INFO] WebApp:578 - Web application path used C:\ST\STM32CubeIDE_1.16.0\STM32CubeIDE\plugins\com.st.stm32cube.common.mx_6.12.0.202406281431\db\plugins\mcufinder\reactClient1\index.html
2024-09-17 00:25:30,730 [INFO] ServerAccessManage:473 - Download File STMicroelectronics.X-CUBE-ALS.pdsc
2024-09-17 00:25:31,102 [INFO] ServerAccessManage:473 - Download File STMicroelectronics.X-CUBE-BLE1.pdsc
2024-09-17 00:25:31,287 [WARN] MainUpdater:1194 - Updater busy. Cannot search thirdparties
2024-09-17 00:25:31,287 [INFO] ThirdPartyUpdaterWithRetryManager:96 - Updater plugin is busy. [5/15]
2024-09-17 00:25:34,171 [ERROR] ServerAccessManage:1089 - Problem, file not found on Server
2024-09-17 00:25:34,291 [WARN] MainUpdater:1194 - Updater busy. Cannot search thirdparties
2024-09-17 00:25:34,291 [INFO] ThirdPartyUpdaterWithRetryManager:96 - Updater plugin is busy. [6/15]
2024-09-17 00:25:34,619 [INFO] ServerAccessManage:473 - Download File STMicroelectronics.X-CUBE-BLE2.pdsc
2024-09-17 00:25:36,324 [INFO] ServerAccessManage:473 - Download File STMicroelectronics.X-CUBE-BLEMGR.pdsc
2024-09-17 00:25:37,292 [WARN] MainUpdater:1194 - Updater busy. Cannot search thirdparties
2024-09-17 00:25:37,292 [INFO] ThirdPartyUpdaterWithRetryManager:96 - Updater plugin is busy. [7/15]
2024-09-17 00:25:37,912 [INFO] ServerAccessManage:473 - Download File STMicroelectronics.X-CUBE-DISPLAY.pdsc
2024-09-17 00:25:39,178 [INFO] ServerAccessManage:473 - Download File STMicroelectronics.X-CUBE-DPOWER.pdsc
2024-09-17 00:25:39,881 [ERROR] ServerAccessManage:1089 - Problem, file not found on Server
2024-09-17 00:25:40,241 [ERROR] ServerAccessManage:1089 - Problem, file not found on Server
2024-09-17 00:25:40,294 [WARN] MainUpdater:1194 - Updater busy. Cannot search thirdparties
2024-09-17 00:25:40,294 [INFO] ThirdPartyUpdaterWithRetryManager:96 - Updater plugin is busy. [8/15]
2024-09-17 00:25:40,462 [ERROR] ServerAccessManage:1089 - Problem, file not found on Server
2024-09-17 00:25:40,796 [ERROR] ServerAccessManage:1089 - Problem, file not found on Server
2024-09-17 00:25:41,242 [ERROR] ServerAccessManage:1089 - Problem, file not found on Server
2024-09-17 00:25:41,873 [ERROR] ServerAccessManage:1089 - Problem, file not found on Server
2024-09-17 00:25:42,305 [ERROR] ServerAccessManage:1089 - Problem, file not found on Server
2024-09-17 00:25:43,145 [ERROR] ServerAccessManage:1089 - Problem, file not found on Server
2024-09-17 00:25:43,296 [WARN] MainUpdater:1194 - Updater busy. Cannot search thirdparties
2024-09-17 00:25:43,296 [INFO] ThirdPartyUpdaterWithRetryManager:96 - Updater plugin is busy. [9/15]
2024-09-17 00:25:43,572 [ERROR] ServerAccessManage:1089 - Problem, file not found on Server
2024-09-17 00:25:43,699 [ERROR] ServerAccessManage:1089 - Problem, file not found on Server
2024-09-17 00:25:44,051 [ERROR] ServerAccessManage:1089 - Problem, file not found on Server
2024-09-17 00:25:44,164 [INFO] ServerAccessManage:473 - Download File STMicroelectronics.X-CUBE-EEPRMA1.pdsc
2024-09-17 00:25:44,714 [ERROR] ServerAccessManage:1089 - Problem, file not found on Server
2024-09-17 00:25:45,243 [ERROR] ServerAccessManage:1089 - Problem, file not found on Server
2024-09-17 00:25:45,564 [INFO] ServerAccessManage:473 - Download File STMicroelectronics.X-CUBE-FREERTOS.pdsc
2024-09-17 00:25:46,297 [WARN] MainUpdater:1194 - Updater busy. Cannot search thirdparties
2024-09-17 00:25:46,297 [INFO] ThirdPartyUpdaterWithRetryManager:96 - Updater plugin is busy. [10/15]
2024-09-17 00:25:46,442 [INFO] ServerAccessManage:473 - Download File STMicroelectronics.X-CUBE-GNSS1.pdsc
2024-09-17 00:25:48,492 [ERROR] ServerAccessManage:1089 - Problem, file not found on Server
2024-09-17 00:25:48,861 [ERROR] ServerAccessManage:1089 - Problem, file not found on Server
2024-09-17 00:25:49,229 [ERROR] ServerAccessManage:1089 - Problem, file not found on Server
2024-09-17 00:25:49,298 [WARN] MainUpdater:1194 - Updater busy. Cannot search thirdparties
2024-09-17 00:25:49,299 [INFO] ThirdPartyUpdaterWithRetryManager:96 - Updater plugin is busy. [11/15]
2024-09-17 00:25:49,590 [ERROR] ServerAccessManage:1089 - Problem, file not found on Server
2024-09-17 00:25:49,924 [ERROR] ServerAccessManage:1089 - Problem, file not found on Server
2024-09-17 00:25:50,288 [ERROR] ServerAccessManage:1089 - Problem, file not found on Server
2024-09-17 00:25:50,374 [INFO] ServerAccessManage:473 - Download File STMicroelectronics.X-CUBE-ISPU.pdsc
2024-09-17 00:25:51,734 [INFO] ServerAccessManage:473 - Download File STMicroelectronics.X-CUBE-MEMS1.pdsc
2024-09-17 00:25:52,300 [WARN] MainUpdater:1194 - Updater busy. Cannot search thirdparties
2024-09-17 00:25:52,300 [INFO] ThirdPartyUpdaterWithRetryManager:96 - Updater plugin is busy. [12/15]
2024-09-17 00:25:55,302 [WARN] MainUpdater:1194 - Updater busy. Cannot search thirdparties
2024-09-17 00:25:55,304 [INFO] ThirdPartyUpdaterWithRetryManager:96 - Updater plugin is busy. [13/15]
2024-09-17 00:25:56,180 [INFO] ServerAccessManage:473 - Download File STMicroelectronics.X-CUBE-NFC4.pdsc
2024-09-17 00:25:58,306 [WARN] MainUpdater:1194 - Updater busy. Cannot search thirdparties
2024-09-17 00:25:58,306 [INFO] ThirdPartyUpdaterWithRetryManager:96 - Updater plugin is busy. [14/15]
2024-09-17 00:25:58,532 [INFO] ServerAccessManage:473 - Download File STMicroelectronics.X-CUBE-NFC6.pdsc
2024-09-17 00:25:58,989 [INFO] ServerAccessManage:473 - Download File STMicroelectronics.X-CUBE-NFC7.pdsc
2024-09-17 00:25:59,365 [INFO] ServerAccessManage:473 - Download File STMicroelectronics.X-CUBE-SFXS2LP1.pdsc
2024-09-17 00:26:00,458 [INFO] ServerAccessManage:473 - Download File STMicroelectronics.X-CUBE-SAFEA1.pdsc
2024-09-17 00:26:01,064 [INFO] ServerAccessManage:473 - Download File STMicroelectronics.X-CUBE-SUBG2.pdsc
2024-09-17 00:26:01,307 [WARN] MainUpdater:1194 - Updater busy. Cannot search thirdparties
2024-09-17 00:26:01,307 [INFO] ThirdPartyUpdaterWithRetryManager:96 - Updater plugin is busy. [15/15]
2024-09-17 00:26:01,308 [ERROR] IntegrityCheckThread:130 - Cannot retrieve database content from updater: error -1
2024-09-17 00:26:01,310 [INFO] ThirdParty:978 - Integrity check success = false
2024-09-17 00:26:01,310 [INFO] IntegrityCheckThread:100 - exiting critical section [integrity check]
2024-09-17 00:26:01,310 [INFO] IntegrityCheckThread:103 - End integrity checks thread
2024-09-17 00:26:02,314 [INFO] ServerAccessManage:473 - Download File STMicroelectronics.X-CUBE-SMBUS.pdsc
2024-09-17 00:26:02,814 [ERROR] ServerAccessManage:1089 - Problem, file not found on Server
2024-09-17 00:26:02,907 [INFO] ServerAccessManage:473 - Download File STMicroelectronics.X-CUBE-TCPP.pdsc
2024-09-17 00:26:03,131 [INFO] ServerAccessManage:473 - Download File STMicroelectronics.X-CUBE-TOF1.pdsc
2024-09-17 00:26:04,618 [ERROR] ServerAccessManage:1089 - Problem, file not found on Server
2024-09-17 00:26:04,754 [INFO] ServerAccessManage:473 - Download File STMicroelectronics.X-CUBE-TOUCHGFX.pdsc
2024-09-17 00:26:10,578 [INFO] ServerAccessManage:473 - Download File STMicroelectronics.X-CUBE-ALGOBUILD.pdsc
2024-09-17 00:26:11,948 [INFO] ServerAccessManage:473 - Download File STMicroelectronics.X-CUBE-AZRTOS-H7.pdsc
2024-09-17 00:26:13,963 [INFO] ServerAccessManage:473 - Download File STMicroelectronics.X-CUBE-AZRTOS-H7RS.pdsc
2024-09-17 00:26:14,092 [ERROR] ExternalUserPreferencesManager:606 - Error while get path from external application: Cannot invoke "com.st.stm32cube.common.mx.MxActivator.getBundle()" because the return value of "com.st.stm32cube.common.mx.MxActivator.getDefault()" is null
2024-09-17 00:26:14,094 [ERROR] ExternalUserPreferencesManager:336 - Error while get preference info from external application: Cannot invoke "com.st.stm32cube.common.mx.MxActivator.getBundle()" because the return value of "com.st.stm32cube.common.mx.MxActivator.getDefault()" is null
2024-09-17 00:26:14,095 [ERROR] ExternalUserPreferencesManager:560 - Error while get preference info from external application: Cannot invoke "com.st.stm32cube.common.mx.MxActivator.getBundle()" because the return value of "com.st.stm32cube.common.mx.MxActivator.getDefault()" is null
2024-09-17 00:26:14,110 [ERROR] ExternalUserPreferencesManager:560 - Error while get preference info from external application: Cannot invoke "com.st.stm32cube.common.mx.MxActivator.getBundle()" because the return value of "com.st.stm32cube.common.mx.MxActivator.getDefault()" is null
2024-09-17 00:26:14,312 [ERROR] LogOutputStream:75 - [STDERR_REDIRECT] 
