2024-11-19 18:20:30,726 [INFO] Activator:176 - 


2024-11-19 18:20:30,733 [INFO] Activator:177 - !SESSION log4j initialized
2024-11-19 18:20:42,423 [INFO] LogOutputStream:77 - [STDOUT_REDIRECT] 
2024-11-19 18:20:44,380 [INFO] ApplicationProperties:184 - Using Application install path: C:\ST\STM32CubeIDE_1.16.0\STM32CubeIDE\plugins\com.st.stm32cube.common.mx_6.12.0.202406281431
2024-11-19 18:20:44,409 [INFO] DbMcusXml:78 - Set database path to: C:\ST\STM32CubeIDE_1.16.0\STM32CubeIDE\plugins\com.st.stm32cube.common.mx_6.12.0.202406281431\\db\/mcu/
2024-11-19 18:20:44,410 [INFO] ApiDb:274 - Set plugin database path to: C:\ST\STM32CubeIDE_1.16.0\STM32CubeIDE\plugins\com.st.stm32cube.common.mx_6.12.0.202406281431\\db\/plugins/boardmanager/
2024-11-19 18:20:44,411 [WARN] ApiDb:259 - Overriding images path with different value:  => C:\ST\STM32CubeIDE_1.16.0\STM32CubeIDE\plugins\com.st.stm32cube.common.mx_6.12.0.202406281431\\db\/plugins/mcufinder/images/
2024-11-19 18:20:44,426 [INFO] ApiDb:250 - Set database path to: C:\Users\Robin\.stmcufinder\plugins\mcufinder//mcu/
2024-11-19 18:20:44,428 [INFO] DbMcusAds:125 - Set database path to: C:\Users\Robin\.stmcufinder\plugins\mcufinder//mcu/
2024-11-19 18:20:44,432 [INFO] CrossReferenceDbSqlite:203 - Set database path to: C:\Users\Robin\.stmcufinder\plugins\mcufinder//mcu/cs/
2024-11-19 18:20:44,633 [INFO] RulesReader:64 - Compatibility file has been processed (297 Rules)
2024-11-19 18:20:44,795 [INFO] DbMcusXml:78 - Set database path to: C:\ST\STM32CubeIDE_1.16.0\STM32CubeIDE\plugins\com.st.stm32cube.common.mx_6.12.0.202406281431\\db\/mcu/
2024-11-19 18:20:44,795 [INFO] ApiDb:274 - Set plugin database path to: C:\ST\STM32CubeIDE_1.16.0\STM32CubeIDE\plugins\com.st.stm32cube.common.mx_6.12.0.202406281431\\db\/plugins/boardmanager/
2024-11-19 18:20:44,795 [INFO] ApiDb:261 - Set plugin images path to: C:\ST\STM32CubeIDE_1.16.0\STM32CubeIDE\plugins\com.st.stm32cube.common.mx_6.12.0.202406281431\\db\/plugins/mcufinder/images/
2024-11-19 18:20:44,796 [WARN] DbFile:41 - Overriding database path with different value: C:\Users\Robin\.stmcufinder\plugins\mcufinder/ => C:\Users\Robin\.stmcufinder\plugins\mcufinder
2024-11-19 18:20:44,796 [INFO] ApiDb:250 - Set database path to: C:\Users\Robin\.stmcufinder\plugins\mcufinder//mcu/
2024-11-19 18:20:44,796 [WARN] DbFile:41 - Overriding database path with different value: C:\Users\Robin\.stmcufinder\plugins\mcufinder/ => C:\Users\Robin\.stmcufinder\plugins\mcufinder
2024-11-19 18:20:44,796 [INFO] DbMcusAds:125 - Set database path to: C:\Users\Robin\.stmcufinder\plugins\mcufinder//mcu/
2024-11-19 18:20:44,796 [WARN] DbFile:41 - Overriding database path with different value: C:\Users\Robin\.stmcufinder\plugins\mcufinder/ => C:\Users\Robin\.stmcufinder\plugins\mcufinder
2024-11-19 18:20:44,796 [WARN] DbFile:41 - Overriding database path with different value: C:\Users\Robin\.stmcufinder\plugins\mcufinder/ => C:\Users\Robin\.stmcufinder\plugins\mcufinder
2024-11-19 18:20:44,797 [INFO] CrossReferenceDbSqlite:203 - Set database path to: C:\Users\Robin\.stmcufinder\plugins\mcufinder//mcu/cs/
2024-11-19 18:20:44,948 [INFO] MainPanel:268 - HeapMemory: 268435456
2024-11-19 18:20:45,163 [INFO] DbMcusXml:78 - Set database path to: C:\ST\STM32CubeIDE_1.16.0\STM32CubeIDE\plugins\com.st.stm32cube.common.mx_6.12.0.202406281431\\db\/mcu/
2024-11-19 18:20:45,163 [INFO] ApiDb:274 - Set plugin database path to: C:\ST\STM32CubeIDE_1.16.0\STM32CubeIDE\plugins\com.st.stm32cube.common.mx_6.12.0.202406281431\\db\/plugins/boardmanager/
2024-11-19 18:20:45,164 [INFO] ApiDb:261 - Set plugin images path to: C:\ST\STM32CubeIDE_1.16.0\STM32CubeIDE\plugins\com.st.stm32cube.common.mx_6.12.0.202406281431\\db\/plugins/mcufinder/images/
2024-11-19 18:20:45,164 [WARN] DbFile:41 - Overriding database path with different value: C:\Users\Robin\.stmcufinder\plugins\mcufinder/ => C:\Users\Robin\.stmcufinder\plugins\mcufinder
2024-11-19 18:20:45,165 [INFO] ApiDb:250 - Set database path to: C:\Users\Robin\.stmcufinder\plugins\mcufinder//mcu/
2024-11-19 18:20:45,165 [WARN] DbFile:41 - Overriding database path with different value: C:\Users\Robin\.stmcufinder\plugins\mcufinder/ => C:\Users\Robin\.stmcufinder\plugins\mcufinder
2024-11-19 18:20:45,165 [INFO] DbMcusAds:125 - Set database path to: C:\Users\Robin\.stmcufinder\plugins\mcufinder//mcu/
2024-11-19 18:20:45,165 [WARN] DbFile:41 - Overriding database path with different value: C:\Users\Robin\.stmcufinder\plugins\mcufinder/ => C:\Users\Robin\.stmcufinder\plugins\mcufinder
2024-11-19 18:20:45,165 [WARN] DbFile:41 - Overriding database path with different value: C:\Users\Robin\.stmcufinder\plugins\mcufinder/ => C:\Users\Robin\.stmcufinder\plugins\mcufinder
2024-11-19 18:20:45,165 [INFO] CrossReferenceDbSqlite:203 - Set database path to: C:\Users\Robin\.stmcufinder\plugins\mcufinder//mcu/cs/
2024-11-19 18:20:45,197 [INFO] ApplicationProperties:184 - Using Application install path: C:\ST\STM32CubeIDE_1.16.0\STM32CubeIDE\plugins\com.st.stm32cube.common.mx_6.12.0.202406281431
2024-11-19 18:20:45,200 [INFO] PluginManage:196 - Search for loadable plugins [exclusion list=, ]
2024-11-19 18:20:45,202 [INFO] PluginManage:310 - Check plugin analytics
2024-11-19 18:20:45,507 [INFO] AnalyticsPlugin:253 - Accepted Software Licenses: 
2024-11-19 18:20:45,507 [INFO] AnalyticsPlugin:255 - Accepted CMSIS Pack Licenses: 
2024-11-19 18:20:45,508 [INFO] AnalyticsPlugin:257 - Accepted Firmware Licenses: FW.F4.1.28.0
2024-11-19 18:20:45,512 [INFO] PluginManage:359 - Loaded plugin analytics (category:tool,tabindex:-1)
2024-11-19 18:20:45,513 [INFO] PluginManage:310 - Check plugin cadmodel
2024-11-19 18:20:45,552 [INFO] CADModel:105 - Init CAD model plugin
2024-11-19 18:20:45,553 [INFO] PluginManage:359 - Loaded plugin cadmodel (category:power,tabindex:5)
2024-11-19 18:20:45,553 [INFO] PluginManage:310 - Check plugin clock
2024-11-19 18:20:45,591 [INFO] PluginManage:359 - Loaded plugin clock (category:base,tabindex:2)
2024-11-19 18:20:45,592 [INFO] PluginManage:310 - Check plugin ddr
2024-11-19 18:20:45,596 [INFO] PluginManage:359 - Loaded plugin ddr (category:tool,tabindex:6)
2024-11-19 18:20:45,597 [INFO] PluginManage:310 - Check plugin filemanager
2024-11-19 18:20:45,827 [INFO] PluginManage:359 - Loaded plugin filemanager (category:base,tabindex:10)
2024-11-19 18:20:45,828 [INFO] PluginManage:310 - Check plugin ipmanager
2024-11-19 18:20:45,839 [INFO] PluginManage:359 - Loaded plugin ipmanager (category:base,tabindex:5)
2024-11-19 18:20:45,840 [INFO] PluginManage:310 - Check plugin lpbam
2024-11-19 18:20:45,871 [INFO] PluginManage:359 - Loaded plugin lpbam (category:base,tabindex:0)
2024-11-19 18:20:45,871 [INFO] PluginManage:310 - Check plugin memorymap
2024-11-19 18:20:45,908 [INFO] PluginManage:359 - Loaded plugin memorymap (category:base,tabindex:4)
2024-11-19 18:20:45,908 [INFO] PluginManage:310 - Check plugin pinoutandconfiguration
2024-11-19 18:20:45,940 [INFO] PluginManage:359 - Loaded plugin pinoutandconfiguration (category:base,tabindex:1)
2024-11-19 18:20:45,940 [INFO] PluginManage:310 - Check plugin pinoutconfig
2024-11-19 18:20:46,090 [WARN] SupportedApi:132 - Cannot load RTOS API schema: s4s-elt-must-match.1: The content of 'definitions' must match (annotation?, (simpleType | complexType)?, (unique | key | keyref)*)). A problem was found starting at: attribute.
2024-11-19 18:20:46,304 [INFO] PluginManage:359 - Loaded plugin pinoutconfig (category:base,tabindex:0)
2024-11-19 18:20:46,304 [INFO] PluginManage:310 - Check plugin power
2024-11-19 18:20:46,345 [INFO] PluginManage:359 - Loaded plugin power (category:power,tabindex:4)
2024-11-19 18:20:46,346 [INFO] PluginManage:310 - Check plugin projectmanager
2024-11-19 18:20:46,374 [INFO] PluginManage:359 - Loaded plugin projectmanager (category:projectmanager,tabindex:4)
2024-11-19 18:20:46,374 [INFO] PluginManage:310 - Check plugin rif
2024-11-19 18:20:46,404 [INFO] PluginManage:359 - Loaded plugin rif (category:base,tabindex:3)
2024-11-19 18:20:46,404 [INFO] PluginManage:310 - Check plugin thirdparty
2024-11-19 18:20:46,884 [INFO] PluginManage:359 - Loaded plugin thirdparty (category:base,tabindex:-1)
2024-11-19 18:20:46,884 [WARN] IntegrityCheckThread:84 - waiting for thirdparty lock release [integrity check]
2024-11-19 18:20:46,884 [INFO] IntegrityCheckThread:86 - entering critical section [integrity check]
2024-11-19 18:20:46,884 [INFO] PluginManage:310 - Check plugin tools
2024-11-19 18:20:46,885 [INFO] ThirdPartyUpdaterWithRetryManager:70 - Updater plugin not ready yet. [1/15]
2024-11-19 18:20:46,957 [INFO] PluginManage:359 - Loaded plugin tools (category:base,tabindex:7)
2024-11-19 18:20:46,957 [INFO] PluginManage:310 - Check plugin tutovideos
2024-11-19 18:20:47,262 [INFO] PluginManage:359 - Loaded plugin tutovideos (category:base,tabindex:-1)
2024-11-19 18:20:47,263 [INFO] PluginManage:310 - Check plugin updater
2024-11-19 18:20:47,293 [INFO] PluginManage:359 - Loaded plugin updater (category:base,tabindex:12)
2024-11-19 18:20:47,293 [INFO] PluginManage:310 - Check plugin userauth
2024-11-19 18:20:47,300 [INFO] UserAuth:113 - Init User Auth plugin
2024-11-19 18:20:47,300 [INFO] PluginManage:359 - Loaded plugin userauth (category:base,tabindex:14)
2024-11-19 18:20:47,301 [INFO] PluginManage:283 - PluginManage : Loaded plugins [18]
2024-11-19 18:20:47,621 [INFO] PinOutPanel:1561 - setPackage(No Configuration,No Configuration)
2024-11-19 18:20:47,797 [INFO] CADModel:165 - CPN selected for project level
2024-11-19 18:20:47,798 [INFO] CADModel:114 - Register for checkConnection events
2024-11-19 18:20:47,831 [INFO] IPUIPlugin:80 - create IPUIPlugin
2024-11-19 18:20:47,831 [INFO] PluginManager:220 - loadIPPluginJar : add adc
2024-11-19 18:20:47,883 [INFO] IPUIPlugin:80 - create IPUIPlugin
2024-11-19 18:20:47,883 [INFO] PluginManager:220 - loadIPPluginJar : add aes
2024-11-19 18:20:47,940 [INFO] IPUIPlugin:80 - create IPUIPlugin
2024-11-19 18:20:47,940 [INFO] PluginManager:220 - loadIPPluginJar : add can
2024-11-19 18:20:47,972 [INFO] IPUIPlugin:80 - create IPUIPlugin
2024-11-19 18:20:47,973 [INFO] PluginManager:220 - loadIPPluginJar : add comp
2024-11-19 18:20:48,045 [INFO] IPUIPlugin:80 - create IPUIPlugin
2024-11-19 18:20:48,045 [INFO] PluginManager:220 - loadIPPluginJar : add cryp
2024-11-19 18:20:48,077 [INFO] IPUIPlugin:80 - create IPUIPlugin
2024-11-19 18:20:48,077 [INFO] PluginManager:220 - loadIPPluginJar : add ddr_ctrl_phy
2024-11-19 18:20:48,138 [INFO] IPUIPlugin:80 - create IPUIPlugin
2024-11-19 18:20:48,138 [INFO] PluginManager:220 - loadIPPluginJar : add dfsdm
2024-11-19 18:20:48,170 [INFO] IPUIPlugin:80 - create IPUIPlugin
2024-11-19 18:20:48,171 [INFO] PluginManager:220 - loadIPPluginJar : add dma
2024-11-19 18:20:48,274 [INFO] IPUIPlugin:80 - create IPUIPlugin
2024-11-19 18:20:48,274 [INFO] PluginManager:220 - loadIPPluginJar : add dma3
2024-11-19 18:20:48,382 [INFO] IPUIPlugin:80 - create IPUIPlugin
2024-11-19 18:20:48,383 [INFO] PluginManager:220 - loadIPPluginJar : add extmemmanager
2024-11-19 18:20:48,429 [INFO] IPUIPlugin:80 - create IPUIPlugin
2024-11-19 18:20:48,430 [INFO] PluginManager:220 - loadIPPluginJar : add fatfs
2024-11-19 18:20:48,542 [INFO] IPUIPlugin:80 - create IPUIPlugin
2024-11-19 18:20:48,543 [INFO] PluginManager:220 - loadIPPluginJar : add fmc
2024-11-19 18:20:48,576 [INFO] IPUIPlugin:80 - create IPUIPlugin
2024-11-19 18:20:48,576 [INFO] PluginManager:220 - loadIPPluginJar : add freertos
2024-11-19 18:20:48,631 [INFO] IPUIPlugin:80 - create IPUIPlugin
2024-11-19 18:20:48,631 [INFO] PluginManager:220 - loadIPPluginJar : add genericplugin
2024-11-19 18:20:48,823 [INFO] IPUIPlugin:80 - create IPUIPlugin
2024-11-19 18:20:48,824 [INFO] PluginManager:220 - loadIPPluginJar : add gfxmmu
2024-11-19 18:20:49,050 [INFO] IPUIPlugin:80 - create IPUIPlugin
2024-11-19 18:20:49,050 [INFO] PluginManager:220 - loadIPPluginJar : add gic
2024-11-19 18:20:49,073 [INFO] IPUIPlugin:80 - create IPUIPlugin
2024-11-19 18:20:49,073 [INFO] PluginManager:220 - loadIPPluginJar : add gpio
2024-11-19 18:20:49,222 [INFO] IPUIPlugin:80 - create IPUIPlugin
2024-11-19 18:20:49,222 [INFO] PluginManager:220 - loadIPPluginJar : add gtzc
2024-11-19 18:20:49,307 [INFO] IPUIPlugin:80 - create IPUIPlugin
2024-11-19 18:20:49,307 [INFO] PluginManager:220 - loadIPPluginJar : add hash
2024-11-19 18:20:49,423 [INFO] IPUIPlugin:80 - create IPUIPlugin
2024-11-19 18:20:49,423 [INFO] PluginManager:220 - loadIPPluginJar : add i2c
2024-11-19 18:20:49,518 [INFO] IPUIPlugin:80 - create IPUIPlugin
2024-11-19 18:20:49,519 [INFO] PluginManager:220 - loadIPPluginJar : add i2s
2024-11-19 18:20:49,590 [INFO] IPUIPlugin:80 - create IPUIPlugin
2024-11-19 18:20:49,590 [INFO] PluginManager:220 - loadIPPluginJar : add i3c
2024-11-19 18:20:49,797 [INFO] IPUIPlugin:80 - create IPUIPlugin
2024-11-19 18:20:49,797 [INFO] PluginManager:220 - loadIPPluginJar : add ipddr
2024-11-19 18:20:49,886 [INFO] ThirdPartyUpdaterWithRetryManager:70 - Updater plugin not ready yet. [2/15]
2024-11-19 18:20:50,016 [INFO] IPUIPlugin:80 - create IPUIPlugin
2024-11-19 18:20:50,017 [INFO] PluginManager:220 - loadIPPluginJar : add linkedlist
2024-11-19 18:20:50,078 [INFO] IPUIPlugin:80 - create IPUIPlugin
2024-11-19 18:20:50,078 [INFO] PluginManager:220 - loadIPPluginJar : add lorawan
2024-11-19 18:20:50,135 [INFO] IPUIPlugin:80 - create IPUIPlugin
2024-11-19 18:20:50,135 [INFO] PluginManager:220 - loadIPPluginJar : add ltdc
2024-11-19 18:20:50,153 [INFO] IPUIPlugin:80 - create IPUIPlugin
2024-11-19 18:20:50,153 [INFO] PluginManager:220 - loadIPPluginJar : add mdma
2024-11-19 18:20:50,168 [INFO] IPUIPlugin:80 - create IPUIPlugin
2024-11-19 18:20:50,168 [INFO] PluginManager:220 - loadIPPluginJar : add nvic
2024-11-19 18:20:50,221 [INFO] IPUIPlugin:80 - create IPUIPlugin
2024-11-19 18:20:50,221 [INFO] PluginManager:220 - loadIPPluginJar : add opamp
2024-11-19 18:20:50,313 [INFO] IPUIPlugin:80 - create IPUIPlugin
2024-11-19 18:20:50,313 [INFO] PluginManager:220 - loadIPPluginJar : add openamp
2024-11-19 18:20:50,397 [INFO] IPUIPlugin:80 - create IPUIPlugin
2024-11-19 18:20:50,397 [INFO] PluginManager:220 - loadIPPluginJar : add pdm2pcm
2024-11-19 18:20:50,428 [INFO] IPUIPlugin:80 - create IPUIPlugin
2024-11-19 18:20:50,431 [INFO] PluginManager:220 - loadIPPluginJar : add plateformsettings
2024-11-19 18:20:50,465 [INFO] IPUIPlugin:80 - create IPUIPlugin
2024-11-19 18:20:50,465 [INFO] PluginManager:220 - loadIPPluginJar : add quadspi
2024-11-19 18:20:50,505 [INFO] IPUIPlugin:80 - create IPUIPlugin
2024-11-19 18:20:50,507 [INFO] PluginManager:220 - loadIPPluginJar : add radio
2024-11-19 18:20:50,524 [INFO] IPUIPlugin:80 - create IPUIPlugin
2024-11-19 18:20:50,524 [INFO] PluginManager:220 - loadIPPluginJar : add resmgrutility
2024-11-19 18:20:50,593 [INFO] IPUIPlugin:80 - create IPUIPlugin
2024-11-19 18:20:50,593 [INFO] PluginManager:220 - loadIPPluginJar : add sai
2024-11-19 18:20:50,663 [INFO] IPUIPlugin:80 - create IPUIPlugin
2024-11-19 18:20:50,663 [INFO] PluginManager:220 - loadIPPluginJar : add spi
2024-11-19 18:20:50,812 [INFO] IPUIPlugin:80 - create IPUIPlugin
2024-11-19 18:20:50,813 [INFO] PluginManager:220 - loadIPPluginJar : add stm32_wpan
2024-11-19 18:20:50,867 [INFO] IPUIPlugin:80 - create IPUIPlugin
2024-11-19 18:20:50,867 [INFO] PluginManager:220 - loadIPPluginJar : add tim
2024-11-19 18:20:50,965 [INFO] IPUIPlugin:80 - create IPUIPlugin
2024-11-19 18:20:50,966 [INFO] PluginManager:220 - loadIPPluginJar : add touchsensing
2024-11-19 18:20:50,998 [INFO] IPUIPlugin:80 - create IPUIPlugin
2024-11-19 18:20:50,998 [INFO] PluginManager:220 - loadIPPluginJar : add tracer_emb
2024-11-19 18:20:51,057 [INFO] IPUIPlugin:80 - create IPUIPlugin
2024-11-19 18:20:51,057 [INFO] PluginManager:220 - loadIPPluginJar : add ts
2024-11-19 18:20:51,108 [INFO] IPUIPlugin:80 - create IPUIPlugin
2024-11-19 18:20:51,109 [INFO] PluginManager:220 - loadIPPluginJar : add tsc
2024-11-19 18:20:51,165 [INFO] IPUIPlugin:80 - create IPUIPlugin
2024-11-19 18:20:51,165 [INFO] PluginManager:220 - loadIPPluginJar : add ucpd
2024-11-19 18:20:51,239 [INFO] IPUIPlugin:80 - create IPUIPlugin
2024-11-19 18:20:51,239 [INFO] PluginManager:220 - loadIPPluginJar : add usart
2024-11-19 18:20:51,345 [INFO] IPUIPlugin:80 - create IPUIPlugin
2024-11-19 18:20:51,345 [INFO] PluginManager:220 - loadIPPluginJar : add usbx
2024-11-19 18:20:51,555 [INFO] CADModel:165 - CPN selected for project level
2024-11-19 18:20:51,555 [INFO] CADModel:114 - Register for checkConnection events
2024-11-19 18:20:51,555 [FATAL] Updater:334 - Updater called before beeing initialized
2024-11-19 18:20:51,555 [ERROR] CADModel:125 - Updater not yet initialized, retry later 
2024-11-19 18:20:51,846 [INFO] CADModel:165 - CPN selected for project level
2024-11-19 18:20:51,846 [INFO] CADModel:114 - Register for checkConnection events
2024-11-19 18:20:51,847 [FATAL] Updater:334 - Updater called before beeing initialized
2024-11-19 18:20:51,847 [ERROR] CADModel:125 - Updater not yet initialized, retry later 
2024-11-19 18:20:51,851 [FATAL] Updater:334 - Updater called before beeing initialized
2024-11-19 18:20:51,991 [FATAL] Updater:334 - Updater called before beeing initialized
2024-11-19 18:20:52,010 [INFO] DbMcusAds:53 - JSON generation date=Fri Sep 20 09:04:23 EDT 2024 (1726837463113)
2024-11-19 18:20:52,010 [FATAL] Updater:334 - Updater called before beeing initialized
2024-11-19 18:20:52,052 [WARN] DetailPanel:346 - Failed to get advertising image, set to default
2024-11-19 18:20:52,162 [FATAL] Updater:334 - Updater called before beeing initialized
2024-11-19 18:20:52,165 [FATAL] Updater:334 - Updater called before beeing initialized
2024-11-19 18:20:52,165 [FATAL] Updater:334 - Updater called before beeing initialized
2024-11-19 18:20:52,165 [WARN] DetailPanel:346 - Failed to get advertising image, set to default
2024-11-19 18:20:52,166 [FATAL] Updater:334 - Updater called before beeing initialized
2024-11-19 18:20:52,256 [ERROR] Updater:1164 - MainUpdater not yet initialized. External WinMGr cannot be set.
2024-11-19 18:20:52,272 [INFO] Updater:1100 - Updater Version found : 6.12.0
2024-11-19 18:20:52,295 [INFO] ApplicationProperties:184 - Using Application install path: C:\ST\STM32CubeIDE_1.16.0\STM32CubeIDE\plugins\com.st.stm32cube.common.mx_6.12.0.202406281431
2024-11-19 18:20:52,887 [INFO] ThirdPartyUpdaterWithRetryManager:70 - Updater plugin not ready yet. [3/15]
2024-11-19 18:20:53,904 [ERROR] LogOutputStream:75 - [STDERR_REDIRECT] Nov 19, 2024 6:20:53 PM java.util.prefs.WindowsPreferences <init>
2024-11-19 18:20:53,911 [ERROR] LogOutputStream:75 - [STDERR_REDIRECT] WARNING: Could not open/create prefs root node Software\JavaSoft\Prefs at root 0xffffffff80000002. Windows RegCreateKeyEx(...) returned error code 5.
2024-11-19 18:20:53,912 [ERROR] LogOutputStream:75 - [STDERR_REDIRECT] 
2024-11-19 18:20:54,335 [INFO] MainUpdater:2873 - connection check result : 10
2024-11-19 18:20:54,336 [INFO] MainUpdater:3567 - Updater definition file requires update
2024-11-19 18:20:54,338 [INFO] MainUpdater:290 - Updater Check For Update Now.
2024-11-19 18:20:54,338 [INFO] MicroXplorer:498 - Change Database Version : DB.6.0.120
2024-11-19 18:20:54,369 [INFO] McuFinderGlobals:63 - Set McuFinder mode to 2 (CubeIDE integrated)
2024-11-19 18:20:54,370 [INFO] UserAuth:179 - activating auth plugin
2024-11-19 18:20:54,374 [INFO] UserAuth:417 - Internet connection configuration mode: 1
2024-11-19 18:20:54,385 [INFO] ServerAccessManage:473 - Download File updaters.zip
2024-11-19 18:20:54,407 [INFO] JxBrowserEngine:152 - Initiate JxBrowser Engine with user profile folder
2024-11-19 18:20:54,519 [INFO] FileExtend:240 - Unzip File : updaters.zip
2024-11-19 18:20:54,519 [INFO] FileExtend:255 - Standard Zip Deflate
2024-11-19 18:20:55,758 [INFO] ServerAccessManage:473 - Download File PacksControlFlags.xml
2024-11-19 18:20:55,892 [WARN] MainUpdater:1194 - Updater busy. Cannot search thirdparties
2024-11-19 18:20:55,893 [INFO] ThirdPartyUpdaterWithRetryManager:96 - Updater plugin is busy. [1/15]
2024-11-19 18:20:56,134 [INFO] ServerAccessManage:473 - Download File cubemx.pidx
2024-11-19 18:20:56,605 [INFO] ServerAccessManage:473 - Download File STMicroelectronics.FP-ATR-ASTRA1.pdsc
2024-11-19 18:20:58,896 [WARN] MainUpdater:1194 - Updater busy. Cannot search thirdparties
2024-11-19 18:20:58,896 [INFO] ThirdPartyUpdaterWithRetryManager:96 - Updater plugin is busy. [2/15]
2024-11-19 18:21:00,151 [INFO] ServerAccessManage:473 - Download File quantropi.X-CUBE-qispace-sdk-base.pdsc
2024-11-19 18:21:00,373 [WARN] PackLoader:240 - Cannot read IP mode file for STMicroelectronics.FP-ATR-ASTRA1.2.0.1
2024-11-19 18:21:00,390 [WARN] ConditionMgr:438 - getConditionDescription Invalid condition id : Cortex-A Device cause : null
2024-11-19 18:21:00,448 [WARN] ConditionMgr:1039 - genDependencies : Invalid condition id : Cortex-A Device cause : null
2024-11-19 18:21:00,451 [WARN] ConditionMgr:1039 - genDependencies : Invalid condition id : Cortex-A Device cause : null
2024-11-19 18:21:00,451 [WARN] ConditionMgr:1039 - genDependencies : Invalid condition id : Cortex-A Device cause : null
2024-11-19 18:21:00,452 [INFO] PopulateThirdPartyThread:66 - Ending populate Thread
2024-11-19 18:21:00,455 [INFO] ThirdParty:1030 - CMSIS Pack Vendor :STMicroelectronics FP-ATR-ASTRA1 2.0.1
2024-11-19 18:21:00,456 [INFO] ThirdParty:1030 - CMSIS Pack Vendor :quantropi X-CUBE-qispace-sdk-base 1.9.3
2024-11-19 18:21:00,456 [INFO] LoadServerUpdatesThread:375 - End of LoadServerUpdate Thread
2024-11-19 18:21:00,653 [INFO] CheckServerUpdateThread:120 - End of CheckServer Thread
2024-11-19 18:21:02,268 [WARN] PackLoader:240 - Cannot read IP mode file for STMicroelectronics.FP-SNS-MOTENVWB1.1.4.0
2024-11-19 18:21:02,276 [WARN] PackLoader:240 - Cannot read IP mode file for STMicroelectronics.FP-ATR-ASTRA1.2.0.1
2024-11-19 18:21:02,303 [WARN] PackLoader:240 - Cannot read IP mode file for STMicroelectronics.X-CUBE-SMBUS.2.1.0
2024-11-19 18:21:02,335 [WARN] PackLoader:240 - Cannot read IP mode file for STMicroelectronics.X-CUBE-WB05N.1.1.0
2024-11-19 18:21:02,391 [WARN] PackLoader:240 - Cannot read IP mode file for STMicroelectronics.X-CUBE-AZRTOS-F7.1.1.0
2024-11-19 18:21:02,404 [WARN] PackLoader:240 - Cannot read IP mode file for STMicroelectronics.FP-SNS-FLIGHT1.5.0.2
2024-11-19 18:21:02,430 [WARN] PackLoader:240 - Cannot read IP mode file for STMicroelectronics.X-CUBE-DISPLAY.3.0.0
2024-11-19 18:21:02,468 [WARN] PackLoader:240 - Cannot read IP mode file for STMicroelectronics.X-CUBE-BLE1.7.0.0
2024-11-19 18:21:02,502 [WARN] PackLoader:240 - Cannot read IP mode file for STMicroelectronics.X-CUBE-NFC10.1.0.0
2024-11-19 18:21:02,536 [WARN] PackLoader:240 - Cannot read IP mode file for emotas.I-CUBE-CANOPEN.1.3.0
2024-11-19 18:21:02,566 [WARN] PackLoader:240 - Cannot read IP mode file for STMicroelectronics.X-CUBE-BLEMGR.3.1.0
2024-11-19 18:21:02,593 [WARN] PackLoader:240 - Cannot read IP mode file for STMicroelectronics.FP-SNS-SMARTAG2.1.2.0
2024-11-19 18:21:02,626 [INFO] LogOutputStream:77 - [STDOUT_REDIRECT] 1 : Invalid condition id : UX_CORESTACK_Condition cause : null
2024-11-19 18:21:02,627 [INFO] LogOutputStream:77 - [STDOUT_REDIRECT] 1 : Invalid condition id : UX_CORESTACK_Condition cause : null
2024-11-19 18:21:02,629 [INFO] LogOutputStream:77 - [STDOUT_REDIRECT] 1 : Invalid condition id : UX_CORESTACK_Condition cause : null
2024-11-19 18:21:02,631 [INFO] LogOutputStream:77 - [STDOUT_REDIRECT] 1 : Invalid condition id : UX_CORESTACK_Condition cause : null
2024-11-19 18:21:02,633 [INFO] LogOutputStream:77 - [STDOUT_REDIRECT] 1 : Invalid condition id : UX_CORESTACK_Condition cause : null
2024-11-19 18:21:02,639 [WARN] PackLoader:240 - Cannot read IP mode file for STMicroelectronics.X-CUBE-AZRTOS-WL.2.0.0
2024-11-19 18:21:02,667 [WARN] PackLoader:240 - Cannot read IP mode file for STMicroelectronics.FP-SNS-MOTENV1.5.0.0
2024-11-19 18:21:02,679 [WARN] PackLoader:240 - Cannot read IP mode file for wolfSSL.I-CUBE-wolfMQTT.1.19.0
2024-11-19 18:21:02,709 [WARN] PackLoader:240 - Cannot read IP mode file for WES.I-CUBE-Cesium.1.3.0
2024-11-19 18:21:02,730 [WARN] PackLoader:240 - Cannot read IP mode file for STMicroelectronics.X-CUBE-BLE2.3.3.0
2024-11-19 18:21:02,752 [WARN] PackLoader:240 - Cannot read IP mode file for STMicroelectronics.X-CUBE-NFC9.1.0.0
2024-11-19 18:21:02,773 [WARN] PackLoader:240 - Cannot read IP mode file for STMicroelectronics.X-CUBE-TCPP.4.1.0
2024-11-19 18:21:02,811 [WARN] PackLoader:240 - Cannot read IP mode file for STMicroelectronics.X-CUBE-AZRTOS-G0.1.1.0
2024-11-19 18:21:02,841 [WARN] PackLoader:240 - Cannot read IP mode file for STMicroelectronics.X-CUBE-SAFEA1.1.2.2
2024-11-19 18:21:02,869 [WARN] PackLoader:240 - Cannot read IP mode file for STMicroelectronics.X-CUBE-NFC4.3.0.0
2024-11-19 18:21:02,909 [WARN] PackLoader:240 - Cannot read IP mode file for EmbeddedOffice.I-CUBE-FS-RTOS.1.0.1
2024-11-19 18:21:02,909 [ERROR] ConditionMgr:805 - Attr not supported : Dmpu
2024-11-19 18:21:02,909 [ERROR] ConditionMgr:805 - Attr not supported : Dmpu
2024-11-19 18:21:02,909 [ERROR] ConditionMgr:805 - Attr not supported : Dmpu
2024-11-19 18:21:02,909 [ERROR] ConditionMgr:805 - Attr not supported : Dmpu
2024-11-19 18:21:02,909 [ERROR] ConditionMgr:805 - Attr not supported : Dmpu
2024-11-19 18:21:02,909 [ERROR] ConditionMgr:805 - Attr not supported : Dmpu
2024-11-19 18:21:02,909 [ERROR] ConditionMgr:805 - Attr not supported : Dmpu
2024-11-19 18:21:02,909 [ERROR] ConditionMgr:805 - Attr not supported : Dmpu
2024-11-19 18:21:02,910 [ERROR] ConditionMgr:805 - Attr not supported : Dmpu
2024-11-19 18:21:02,910 [ERROR] ConditionMgr:805 - Attr not supported : Dmpu
2024-11-19 18:21:02,910 [ERROR] ConditionMgr:805 - Attr not supported : Dmpu
2024-11-19 18:21:02,910 [ERROR] ConditionMgr:805 - Attr not supported : Dmpu
2024-11-19 18:21:02,910 [ERROR] ConditionMgr:805 - Attr not supported : Dmpu
2024-11-19 18:21:02,910 [ERROR] ConditionMgr:805 - Attr not supported : Dmpu
2024-11-19 18:21:02,910 [ERROR] ConditionMgr:805 - Attr not supported : Dmpu
2024-11-19 18:21:02,910 [ERROR] ConditionMgr:805 - Attr not supported : Dmpu
2024-11-19 18:21:02,910 [ERROR] ConditionMgr:805 - Attr not supported : Dmpu
2024-11-19 18:21:02,910 [ERROR] ConditionMgr:805 - Attr not supported : Dmpu
2024-11-19 18:21:02,910 [ERROR] ConditionMgr:805 - Attr not supported : Dmpu
2024-11-19 18:21:02,910 [ERROR] ConditionMgr:805 - Attr not supported : Dmpu
2024-11-19 18:21:02,910 [ERROR] ConditionMgr:805 - Attr not supported : Dmpu
2024-11-19 18:21:02,910 [ERROR] ConditionMgr:805 - Attr not supported : Dmpu
2024-11-19 18:21:02,910 [ERROR] ConditionMgr:805 - Attr not supported : Dmpu
2024-11-19 18:21:02,910 [ERROR] ConditionMgr:805 - Attr not supported : Dmpu
2024-11-19 18:21:02,911 [ERROR] ConditionMgr:805 - Attr not supported : Dmpu
2024-11-19 18:21:02,911 [ERROR] ConditionMgr:805 - Attr not supported : Dmpu
2024-11-19 18:21:02,911 [ERROR] ConditionMgr:805 - Attr not supported : Dmpu
2024-11-19 18:21:02,911 [ERROR] ConditionMgr:805 - Attr not supported : Dmpu
2024-11-19 18:21:02,911 [ERROR] ConditionMgr:805 - Attr not supported : Dmpu
2024-11-19 18:21:02,911 [ERROR] ConditionMgr:805 - Attr not supported : Dmpu
2024-11-19 18:21:02,911 [ERROR] ConditionMgr:805 - Attr not supported : Dmpu
2024-11-19 18:21:02,911 [ERROR] ConditionMgr:805 - Attr not supported : Dmpu
2024-11-19 18:21:02,911 [ERROR] ConditionMgr:805 - Attr not supported : Dmpu
2024-11-19 18:21:02,911 [ERROR] ConditionMgr:805 - Attr not supported : Dmpu
2024-11-19 18:21:02,911 [ERROR] ConditionMgr:805 - Attr not supported : Dmpu
2024-11-19 18:21:02,912 [ERROR] ConditionMgr:805 - Attr not supported : Dmpu
2024-11-19 18:21:02,912 [ERROR] ConditionMgr:805 - Attr not supported : Dmpu
2024-11-19 18:21:02,912 [ERROR] ConditionMgr:805 - Attr not supported : Dmpu
2024-11-19 18:21:02,912 [ERROR] ConditionMgr:805 - Attr not supported : Dmpu
2024-11-19 18:21:02,912 [ERROR] ConditionMgr:805 - Attr not supported : Dmpu
2024-11-19 18:21:02,912 [ERROR] ConditionMgr:805 - Attr not supported : Dmpu
2024-11-19 18:21:02,912 [ERROR] ConditionMgr:805 - Attr not supported : Dmpu
2024-11-19 18:21:02,912 [ERROR] ConditionMgr:805 - Attr not supported : Dmpu
2024-11-19 18:21:02,912 [ERROR] ConditionMgr:805 - Attr not supported : Dmpu
2024-11-19 18:21:02,912 [ERROR] ConditionMgr:805 - Attr not supported : Dmpu
2024-11-19 18:21:02,913 [ERROR] ConditionMgr:805 - Attr not supported : Dmpu
2024-11-19 18:21:02,913 [ERROR] ConditionMgr:805 - Attr not supported : Dmpu
2024-11-19 18:21:02,913 [ERROR] ConditionMgr:805 - Attr not supported : Dmpu
2024-11-19 18:21:02,913 [ERROR] ConditionMgr:805 - Attr not supported : Dmpu
2024-11-19 18:21:02,913 [ERROR] ConditionMgr:805 - Attr not supported : Dmpu
2024-11-19 18:21:02,913 [ERROR] ConditionMgr:805 - Attr not supported : Dmpu
2024-11-19 18:21:02,913 [ERROR] ConditionMgr:805 - Attr not supported : Dmpu
2024-11-19 18:21:02,913 [ERROR] ConditionMgr:805 - Attr not supported : Dmpu
2024-11-19 18:21:02,913 [ERROR] ConditionMgr:805 - Attr not supported : Dmpu
2024-11-19 18:21:02,913 [ERROR] ConditionMgr:805 - Attr not supported : Dmpu
2024-11-19 18:21:02,913 [ERROR] ConditionMgr:805 - Attr not supported : Dmpu
2024-11-19 18:21:02,913 [ERROR] ConditionMgr:805 - Attr not supported : Dmpu
2024-11-19 18:21:02,913 [ERROR] ConditionMgr:805 - Attr not supported : Dmpu
2024-11-19 18:21:02,914 [ERROR] ConditionMgr:805 - Attr not supported : Dmpu
2024-11-19 18:21:02,914 [ERROR] ConditionMgr:805 - Attr not supported : Dmpu
2024-11-19 18:21:02,914 [ERROR] ConditionMgr:805 - Attr not supported : Dmpu
2024-11-19 18:21:02,914 [ERROR] ConditionMgr:805 - Attr not supported : Dmpu
2024-11-19 18:21:02,914 [ERROR] ConditionMgr:805 - Attr not supported : Dmpu
2024-11-19 18:21:02,914 [ERROR] ConditionMgr:805 - Attr not supported : Dmpu
2024-11-19 18:21:02,938 [WARN] PackLoader:240 - Cannot read IP mode file for RealThread.X-CUBE-RT-Thread_Nano.4.1.1
2024-11-19 18:21:02,946 [WARN] PackLoader:240 - Cannot read IP mode file for STMicroelectronics.FP-ATR-SIGFOX1.3.2.0
2024-11-19 18:21:02,969 [WARN] PackLoader:240 - Cannot read IP mode file for wolfSSL.I-CUBE-wolfSSL.5.7.2
2024-11-19 18:21:02,976 [WARN] ConditionMgr:438 - getConditionDescription Invalid condition id : Cortex-A Device cause : null
2024-11-19 18:21:03,005 [WARN] ConditionMgr:1039 - genDependencies : Invalid condition id : Cortex-A Device cause : null
2024-11-19 18:21:03,006 [WARN] ConditionMgr:1039 - genDependencies : Invalid condition id : Cortex-A Device cause : null
2024-11-19 18:21:03,006 [WARN] ConditionMgr:1039 - genDependencies : Invalid condition id : Cortex-A Device cause : null
2024-11-19 18:21:03,040 [WARN] PackLoader:240 - Cannot read IP mode file for STMicroelectronics.X-CUBE-EEPRMA1.5.1.0
2024-11-19 18:21:03,075 [WARN] PackLoader:240 - Cannot read IP mode file for ITTIA_DB.I-CUBE-ITTIADB.8.9.0
2024-11-19 18:21:03,135 [WARN] PackLoader:240 - Cannot read IP mode file for SEGGER.I-CUBE-embOS.1.3.1
2024-11-19 18:21:03,256 [WARN] PackLoader:240 - Cannot read IP mode file for STMicroelectronics.X-CUBE-ALGOBUILD.1.4.0
2024-11-19 18:21:03,300 [WARN] PackLoader:240 - Cannot read IP mode file for STMicroelectronics.X-CUBE-AI.9.1.0
2024-11-19 18:21:03,398 [WARN] PackLoader:240 - Cannot read IP mode file for STMicroelectronics.X-CUBE-AZRTOS-F4.1.1.0
2024-11-19 18:21:03,448 [WARN] PackLoader:240 - Cannot read IP mode file for STMicroelectronics.X-CUBE-FREERTOS.1.2.0
2024-11-19 18:21:03,551 [WARN] PackLoader:240 - Cannot read IP mode file for STMicroelectronics.X-CUBE-AZRTOS-L5.2.0.0
2024-11-19 18:21:03,608 [WARN] PackLoader:240 - Cannot read IP mode file for STMicroelectronics.X-CUBE-NFC6.3.1.0
2024-11-19 18:21:03,655 [WARN] PackLoader:240 - Cannot read IP mode file for STMicroelectronics.X-CUBE-AI.9.0.0
2024-11-19 18:21:03,702 [WARN] PackLoader:240 - Cannot read IP mode file for STMicroelectronics.X-CUBE-NFC7.1.0.1
2024-11-19 18:21:03,798 [WARN] ConditionMgr:438 - getConditionDescription Invalid condition id : LAN8742 Phy interface Condition cause : null
2024-11-19 18:21:03,799 [WARN] PackLoader:240 - Cannot read IP mode file for STMicroelectronics.X-CUBE-AZRTOS-L4.2.0.0
2024-11-19 18:21:03,803 [WARN] ConditionMgr:1039 - genDependencies : Invalid condition id : LAN8742 Phy interface Condition cause : null
2024-11-19 18:21:03,803 [WARN] ConditionMgr:1039 - genDependencies : Invalid condition id : LAN8742 Phy interface Condition cause : null
2024-11-19 18:21:03,805 [WARN] ConditionMgr:1039 - genDependencies : Invalid condition id : LAN8742 Phy interface Condition cause : null
2024-11-19 18:21:03,855 [WARN] PackLoader:240 - Cannot read IP mode file for STMicroelectronics.X-CUBE-SFXS2LP1.4.0.0
2024-11-19 18:21:03,913 [WARN] PackLoader:240 - Cannot read IP mode file for STMicroelectronics.X-CUBE-IPS.3.0.0
2024-11-19 18:21:03,979 [WARN] ConditionMgr:438 - getConditionDescription Invalid condition id : UX DEVICE CLASS RTOS Condition cause : null
2024-11-19 18:21:03,980 [WARN] ConditionMgr:438 - getConditionDescription Invalid condition id : UX DEVICE CLASS RTOS Condition cause : null
2024-11-19 18:21:03,983 [WARN] PackLoader:240 - Cannot read IP mode file for STMicroelectronics.X-CUBE-AZRTOS-WB.2.0.0
2024-11-19 18:21:03,984 [WARN] ConditionMgr:1039 - genDependencies : Invalid condition id : UX DEVICE CLASS RTOS Condition cause : null
2024-11-19 18:21:03,985 [WARN] ConditionMgr:1039 - genDependencies : Invalid condition id : UX DEVICE CLASS RTOS Condition cause : null
2024-11-19 18:21:03,985 [WARN] ConditionMgr:1039 - genDependencies : Invalid condition id : UX DEVICE CLASS RTOS Condition cause : null
2024-11-19 18:21:03,986 [WARN] ConditionMgr:1039 - genDependencies : Invalid condition id : UX DEVICE CLASS RTOS Condition cause : null
2024-11-19 18:21:03,986 [WARN] ConditionMgr:1039 - genDependencies : Invalid condition id : UX DEVICE CLASS RTOS Condition cause : null
2024-11-19 18:21:04,059 [WARN] PackLoader:240 - Cannot read IP mode file for STMicroelectronics.X-CUBE-SUBG2.5.0.0
2024-11-19 18:21:04,079 [WARN] PackLoader:240 - Cannot read IP mode file for Cesanta.I-CUBE-Mongoose.7.13.0
2024-11-19 18:21:04,138 [WARN] PackLoader:240 - Cannot read IP mode file for STMicroelectronics.X-CUBE-AZRTOS-G4.2.0.0
2024-11-19 18:21:04,170 [WARN] PackLoader:240 - Cannot read IP mode file for STMicroelectronics.X-CUBE-ALS.1.0.2
2024-11-19 18:21:04,196 [WARN] PackLoader:240 - Cannot read IP mode file for STMicroelectronics.X-CUBE-TOUCHGFX.4.24.0
2024-11-19 18:21:04,221 [WARN] PackLoader:240 - Cannot read IP mode file for STMicroelectronics.X-CUBE-TOUCHGFX.4.24.1
2024-11-19 18:21:04,228 [WARN] PackLoader:240 - Cannot read IP mode file for wolfSSL.I-CUBE-wolfTPM.3.4.0
2024-11-19 18:21:04,252 [WARN] PackLoader:240 - Cannot read IP mode file for portGmbH.I-Cube-SoM-uGOAL.1.1.0
2024-11-19 18:21:04,291 [WARN] PackLoader:240 - Cannot read IP mode file for STMicroelectronics.X-CUBE-AZRTOS-H7RS.1.0.0
2024-11-19 18:21:04,299 [WARN] PackLoader:240 - Cannot read IP mode file for STMicroelectronics.FP-ATR-ASTRA1.2.0.0
2024-11-19 18:21:04,357 [WARN] PackLoader:240 - Cannot read IP mode file for Infineon.AIROC-Wi-Fi-Bluetooth-STM32.1.6.1
2024-11-19 18:21:04,374 [WARN] PackLoader:240 - Cannot read IP mode file for wolfSSL.I-CUBE-wolfSSH.1.4.17
2024-11-19 18:21:04,375 [INFO] ThirdParty:978 - Integrity check success = true
2024-11-19 18:21:04,375 [INFO] IntegrityCheckThread:100 - exiting critical section [integrity check]
2024-11-19 18:21:04,376 [INFO] IntegrityCheckThread:103 - End integrity checks thread
2024-11-19 18:21:08,489 [INFO] WebApp:167 - Instantiating new browser for Auth
2024-11-19 18:21:09,668 [INFO] WebApp:448 - Apply proxy settings
2024-11-19 18:21:09,668 [INFO] WebApp:533 - Chromium requires no authentication
2024-11-19 18:21:09,684 [INFO] WebApp:476 - Direct internet connection detected
2024-11-19 18:21:09,727 [INFO] WebApp:869 - Register for checkConnection events
2024-11-19 18:21:09,727 [INFO] WebApp:448 - Apply proxy settings
2024-11-19 18:21:09,728 [INFO] WebApp:533 - Chromium requires no authentication
2024-11-19 18:21:09,728 [INFO] WebApp:476 - Direct internet connection detected
2024-11-19 18:21:09,951 [INFO] WebApp:220 - Starting web application
2024-11-19 18:21:09,952 [INFO] WebApp:578 - Web application path used C:\ST\STM32CubeIDE_1.16.0\STM32CubeIDE\plugins\com.st.stm32cube.common.mx_6.12.0.202406281431\db\plugins\mcufinder\reactClient1\index.html
2024-11-19 18:21:10,410 [INFO] WebApp:186 - Connection restablished
2024-11-19 18:43:29,914 [INFO] WebApp:189 - Connection lost
2024-11-19 18:43:30,144 [INFO] WebApp:186 - Connection restablished
2024-11-19 19:13:37,405 [INFO] WebApp:189 - Connection lost
2024-11-19 19:13:37,622 [INFO] WebApp:186 - Connection restablished
2024-11-19 19:43:45,910 [INFO] WebApp:189 - Connection lost
2024-11-19 19:43:46,126 [INFO] WebApp:186 - Connection restablished
2024-11-19 20:13:54,412 [INFO] WebApp:189 - Connection lost
2024-11-19 20:13:54,625 [INFO] WebApp:186 - Connection restablished
2024-11-19 20:44:02,942 [INFO] WebApp:189 - Connection lost
2024-11-19 20:44:03,145 [INFO] WebApp:186 - Connection restablished
2024-11-19 21:06:53,719 [INFO] WebApp:189 - Connection lost
2024-11-19 21:06:53,925 [INFO] WebApp:186 - Connection restablished
2024-11-19 21:06:57,378 [INFO] WebApp:189 - Connection lost
2024-11-19 21:06:57,633 [INFO] WebApp:186 - Connection restablished
2024-11-19 21:37:08,950 [INFO] WebApp:189 - Connection lost
2024-11-19 21:37:09,144 [INFO] WebApp:186 - Connection restablished
2024-11-19 21:37:41,448 [INFO] WebApp:189 - Connection lost
2024-11-19 21:37:41,645 [INFO] WebApp:186 - Connection restablished
2024-11-19 21:50:30,735 [INFO] WebApp:189 - Connection lost
2024-11-19 21:50:30,955 [INFO] WebApp:186 - Connection restablished
2024-11-19 21:50:34,949 [INFO] WebApp:189 - Connection lost
2024-11-19 21:50:35,148 [INFO] WebApp:186 - Connection restablished
2024-11-19 21:50:38,932 [INFO] WebApp:189 - Connection lost
2024-11-19 21:50:39,106 [INFO] WebApp:186 - Connection restablished
2024-11-19 21:52:57,286 [ERROR] LogOutputStream:75 - [STDERR_REDIRECT] 
2024-11-19 23:53:20,656 [INFO] Activator:176 - 


2024-11-19 23:53:20,661 [INFO] Activator:177 - !SESSION log4j initialized
2024-11-19 23:53:33,219 [INFO] LogOutputStream:77 - [STDOUT_REDIRECT] 
2024-11-19 23:53:37,229 [INFO] ApplicationProperties:184 - Using Application install path: C:\ST\STM32CubeIDE_1.16.0\STM32CubeIDE\plugins\com.st.stm32cube.common.mx_6.12.0.202406281431
2024-11-19 23:53:37,280 [INFO] DbMcusXml:78 - Set database path to: C:\ST\STM32CubeIDE_1.16.0\STM32CubeIDE\plugins\com.st.stm32cube.common.mx_6.12.0.202406281431\\db\/mcu/
2024-11-19 23:53:37,282 [INFO] ApiDb:274 - Set plugin database path to: C:\ST\STM32CubeIDE_1.16.0\STM32CubeIDE\plugins\com.st.stm32cube.common.mx_6.12.0.202406281431\\db\/plugins/boardmanager/
2024-11-19 23:53:37,283 [WARN] ApiDb:259 - Overriding images path with different value:  => C:\ST\STM32CubeIDE_1.16.0\STM32CubeIDE\plugins\com.st.stm32cube.common.mx_6.12.0.202406281431\\db\/plugins/mcufinder/images/
2024-11-19 23:53:37,309 [INFO] ApiDb:250 - Set database path to: C:\Users\Robin\.stmcufinder\plugins\mcufinder//mcu/
2024-11-19 23:53:37,312 [INFO] DbMcusAds:125 - Set database path to: C:\Users\Robin\.stmcufinder\plugins\mcufinder//mcu/
2024-11-19 23:53:37,319 [INFO] CrossReferenceDbSqlite:203 - Set database path to: C:\Users\Robin\.stmcufinder\plugins\mcufinder//mcu/cs/
2024-11-19 23:53:37,577 [INFO] RulesReader:64 - Compatibility file has been processed (297 Rules)
2024-11-19 23:53:37,766 [INFO] DbMcusXml:78 - Set database path to: C:\ST\STM32CubeIDE_1.16.0\STM32CubeIDE\plugins\com.st.stm32cube.common.mx_6.12.0.202406281431\\db\/mcu/
2024-11-19 23:53:37,767 [INFO] ApiDb:274 - Set plugin database path to: C:\ST\STM32CubeIDE_1.16.0\STM32CubeIDE\plugins\com.st.stm32cube.common.mx_6.12.0.202406281431\\db\/plugins/boardmanager/
2024-11-19 23:53:37,767 [INFO] ApiDb:261 - Set plugin images path to: C:\ST\STM32CubeIDE_1.16.0\STM32CubeIDE\plugins\com.st.stm32cube.common.mx_6.12.0.202406281431\\db\/plugins/mcufinder/images/
2024-11-19 23:53:37,767 [WARN] DbFile:41 - Overriding database path with different value: C:\Users\Robin\.stmcufinder\plugins\mcufinder/ => C:\Users\Robin\.stmcufinder\plugins\mcufinder
2024-11-19 23:53:37,767 [INFO] ApiDb:250 - Set database path to: C:\Users\Robin\.stmcufinder\plugins\mcufinder//mcu/
2024-11-19 23:53:37,768 [WARN] DbFile:41 - Overriding database path with different value: C:\Users\Robin\.stmcufinder\plugins\mcufinder/ => C:\Users\Robin\.stmcufinder\plugins\mcufinder
2024-11-19 23:53:37,768 [INFO] DbMcusAds:125 - Set database path to: C:\Users\Robin\.stmcufinder\plugins\mcufinder//mcu/
2024-11-19 23:53:37,768 [WARN] DbFile:41 - Overriding database path with different value: C:\Users\Robin\.stmcufinder\plugins\mcufinder/ => C:\Users\Robin\.stmcufinder\plugins\mcufinder
2024-11-19 23:53:37,768 [WARN] DbFile:41 - Overriding database path with different value: C:\Users\Robin\.stmcufinder\plugins\mcufinder/ => C:\Users\Robin\.stmcufinder\plugins\mcufinder
2024-11-19 23:53:37,768 [INFO] CrossReferenceDbSqlite:203 - Set database path to: C:\Users\Robin\.stmcufinder\plugins\mcufinder//mcu/cs/
2024-11-19 23:53:37,945 [INFO] MainPanel:268 - HeapMemory: 268435456
2024-11-19 23:53:38,175 [INFO] DbMcusXml:78 - Set database path to: C:\ST\STM32CubeIDE_1.16.0\STM32CubeIDE\plugins\com.st.stm32cube.common.mx_6.12.0.202406281431\\db\/mcu/
2024-11-19 23:53:38,175 [INFO] ApiDb:274 - Set plugin database path to: C:\ST\STM32CubeIDE_1.16.0\STM32CubeIDE\plugins\com.st.stm32cube.common.mx_6.12.0.202406281431\\db\/plugins/boardmanager/
2024-11-19 23:53:38,176 [INFO] ApiDb:261 - Set plugin images path to: C:\ST\STM32CubeIDE_1.16.0\STM32CubeIDE\plugins\com.st.stm32cube.common.mx_6.12.0.202406281431\\db\/plugins/mcufinder/images/
2024-11-19 23:53:38,176 [WARN] DbFile:41 - Overriding database path with different value: C:\Users\Robin\.stmcufinder\plugins\mcufinder/ => C:\Users\Robin\.stmcufinder\plugins\mcufinder
2024-11-19 23:53:38,177 [INFO] ApiDb:250 - Set database path to: C:\Users\Robin\.stmcufinder\plugins\mcufinder//mcu/
2024-11-19 23:53:38,177 [WARN] DbFile:41 - Overriding database path with different value: C:\Users\Robin\.stmcufinder\plugins\mcufinder/ => C:\Users\Robin\.stmcufinder\plugins\mcufinder
2024-11-19 23:53:38,177 [INFO] DbMcusAds:125 - Set database path to: C:\Users\Robin\.stmcufinder\plugins\mcufinder//mcu/
2024-11-19 23:53:38,177 [WARN] DbFile:41 - Overriding database path with different value: C:\Users\Robin\.stmcufinder\plugins\mcufinder/ => C:\Users\Robin\.stmcufinder\plugins\mcufinder
2024-11-19 23:53:38,177 [WARN] DbFile:41 - Overriding database path with different value: C:\Users\Robin\.stmcufinder\plugins\mcufinder/ => C:\Users\Robin\.stmcufinder\plugins\mcufinder
2024-11-19 23:53:38,177 [INFO] CrossReferenceDbSqlite:203 - Set database path to: C:\Users\Robin\.stmcufinder\plugins\mcufinder//mcu/cs/
2024-11-19 23:53:38,218 [INFO] ApplicationProperties:184 - Using Application install path: C:\ST\STM32CubeIDE_1.16.0\STM32CubeIDE\plugins\com.st.stm32cube.common.mx_6.12.0.202406281431
2024-11-19 23:53:38,221 [INFO] PluginManage:196 - Search for loadable plugins [exclusion list=, ]
2024-11-19 23:53:38,225 [INFO] PluginManage:310 - Check plugin analytics
2024-11-19 23:53:38,631 [INFO] AnalyticsPlugin:253 - Accepted Software Licenses: 
2024-11-19 23:53:38,632 [INFO] AnalyticsPlugin:255 - Accepted CMSIS Pack Licenses: 
2024-11-19 23:53:38,633 [INFO] AnalyticsPlugin:257 - Accepted Firmware Licenses: FW.F4.1.28.0
2024-11-19 23:53:38,643 [INFO] PluginManage:359 - Loaded plugin analytics (category:tool,tabindex:-1)
2024-11-19 23:53:38,644 [INFO] PluginManage:310 - Check plugin cadmodel
2024-11-19 23:53:38,693 [INFO] CADModel:105 - Init CAD model plugin
2024-11-19 23:53:38,694 [INFO] PluginManage:359 - Loaded plugin cadmodel (category:power,tabindex:5)
2024-11-19 23:53:38,695 [INFO] PluginManage:310 - Check plugin clock
2024-11-19 23:53:38,750 [INFO] PluginManage:359 - Loaded plugin clock (category:base,tabindex:2)
2024-11-19 23:53:38,751 [INFO] PluginManage:310 - Check plugin ddr
2024-11-19 23:53:38,758 [INFO] PluginManage:359 - Loaded plugin ddr (category:tool,tabindex:6)
2024-11-19 23:53:38,759 [INFO] PluginManage:310 - Check plugin filemanager
2024-11-19 23:53:39,113 [INFO] PluginManage:359 - Loaded plugin filemanager (category:base,tabindex:10)
2024-11-19 23:53:39,113 [INFO] PluginManage:310 - Check plugin ipmanager
2024-11-19 23:53:39,133 [INFO] PluginManage:359 - Loaded plugin ipmanager (category:base,tabindex:5)
2024-11-19 23:53:39,134 [INFO] PluginManage:310 - Check plugin lpbam
2024-11-19 23:53:39,182 [INFO] PluginManage:359 - Loaded plugin lpbam (category:base,tabindex:0)
2024-11-19 23:53:39,182 [INFO] PluginManage:310 - Check plugin memorymap
2024-11-19 23:53:39,238 [INFO] PluginManage:359 - Loaded plugin memorymap (category:base,tabindex:4)
2024-11-19 23:53:39,239 [INFO] PluginManage:310 - Check plugin pinoutandconfiguration
2024-11-19 23:53:39,289 [INFO] PluginManage:359 - Loaded plugin pinoutandconfiguration (category:base,tabindex:1)
2024-11-19 23:53:39,290 [INFO] PluginManage:310 - Check plugin pinoutconfig
2024-11-19 23:53:39,745 [WARN] SupportedApi:132 - Cannot load RTOS API schema: s4s-elt-must-match.1: The content of 'definitions' must match (annotation?, (simpleType | complexType)?, (unique | key | keyref)*)). A problem was found starting at: attribute.
2024-11-19 23:53:40,347 [INFO] PluginManage:359 - Loaded plugin pinoutconfig (category:base,tabindex:0)
2024-11-19 23:53:40,348 [INFO] PluginManage:310 - Check plugin power
2024-11-19 23:53:40,409 [INFO] PluginManage:359 - Loaded plugin power (category:power,tabindex:4)
2024-11-19 23:53:40,410 [INFO] PluginManage:310 - Check plugin projectmanager
2024-11-19 23:53:40,464 [INFO] PluginManage:359 - Loaded plugin projectmanager (category:projectmanager,tabindex:4)
2024-11-19 23:53:40,465 [INFO] PluginManage:310 - Check plugin rif
2024-11-19 23:53:40,522 [INFO] PluginManage:359 - Loaded plugin rif (category:base,tabindex:3)
2024-11-19 23:53:40,523 [INFO] PluginManage:310 - Check plugin thirdparty
2024-11-19 23:53:41,646 [INFO] PluginManage:359 - Loaded plugin thirdparty (category:base,tabindex:-1)
2024-11-19 23:53:41,647 [INFO] PluginManage:310 - Check plugin tools
2024-11-19 23:53:41,649 [WARN] IntegrityCheckThread:84 - waiting for thirdparty lock release [integrity check]
2024-11-19 23:53:41,650 [INFO] IntegrityCheckThread:86 - entering critical section [integrity check]
2024-11-19 23:53:41,651 [INFO] ThirdPartyUpdaterWithRetryManager:70 - Updater plugin not ready yet. [1/15]
2024-11-19 23:53:41,761 [INFO] PluginManage:359 - Loaded plugin tools (category:base,tabindex:7)
2024-11-19 23:53:41,762 [INFO] PluginManage:310 - Check plugin tutovideos
2024-11-19 23:53:42,325 [INFO] PluginManage:359 - Loaded plugin tutovideos (category:base,tabindex:-1)
2024-11-19 23:53:42,326 [INFO] PluginManage:310 - Check plugin updater
2024-11-19 23:53:42,381 [INFO] PluginManage:359 - Loaded plugin updater (category:base,tabindex:12)
2024-11-19 23:53:42,382 [INFO] PluginManage:310 - Check plugin userauth
2024-11-19 23:53:42,398 [INFO] UserAuth:113 - Init User Auth plugin
2024-11-19 23:53:42,399 [INFO] PluginManage:359 - Loaded plugin userauth (category:base,tabindex:14)
2024-11-19 23:53:42,400 [INFO] PluginManage:283 - PluginManage : Loaded plugins [18]
2024-11-19 23:53:42,985 [INFO] PinOutPanel:1561 - setPackage(No Configuration,No Configuration)
2024-11-19 23:53:43,243 [INFO] CADModel:165 - CPN selected for project level
2024-11-19 23:53:43,243 [INFO] CADModel:114 - Register for checkConnection events
2024-11-19 23:53:43,308 [INFO] IPUIPlugin:80 - create IPUIPlugin
2024-11-19 23:53:43,309 [INFO] PluginManager:220 - loadIPPluginJar : add adc
2024-11-19 23:53:43,403 [INFO] IPUIPlugin:80 - create IPUIPlugin
2024-11-19 23:53:43,403 [INFO] PluginManager:220 - loadIPPluginJar : add aes
2024-11-19 23:53:43,499 [INFO] IPUIPlugin:80 - create IPUIPlugin
2024-11-19 23:53:43,499 [INFO] PluginManager:220 - loadIPPluginJar : add can
2024-11-19 23:53:43,557 [INFO] IPUIPlugin:80 - create IPUIPlugin
2024-11-19 23:53:43,558 [INFO] PluginManager:220 - loadIPPluginJar : add comp
2024-11-19 23:53:43,640 [INFO] IPUIPlugin:80 - create IPUIPlugin
2024-11-19 23:53:43,640 [INFO] PluginManager:220 - loadIPPluginJar : add cryp
2024-11-19 23:53:43,670 [INFO] IPUIPlugin:80 - create IPUIPlugin
2024-11-19 23:53:43,671 [INFO] PluginManager:220 - loadIPPluginJar : add ddr_ctrl_phy
2024-11-19 23:53:43,747 [INFO] IPUIPlugin:80 - create IPUIPlugin
2024-11-19 23:53:43,747 [INFO] PluginManager:220 - loadIPPluginJar : add dfsdm
2024-11-19 23:53:43,778 [INFO] IPUIPlugin:80 - create IPUIPlugin
2024-11-19 23:53:43,779 [INFO] PluginManager:220 - loadIPPluginJar : add dma
2024-11-19 23:53:43,896 [INFO] IPUIPlugin:80 - create IPUIPlugin
2024-11-19 23:53:43,896 [INFO] PluginManager:220 - loadIPPluginJar : add dma3
2024-11-19 23:53:44,027 [INFO] IPUIPlugin:80 - create IPUIPlugin
2024-11-19 23:53:44,027 [INFO] PluginManager:220 - loadIPPluginJar : add extmemmanager
2024-11-19 23:53:44,084 [INFO] IPUIPlugin:80 - create IPUIPlugin
2024-11-19 23:53:44,085 [INFO] PluginManager:220 - loadIPPluginJar : add fatfs
2024-11-19 23:53:44,209 [INFO] IPUIPlugin:80 - create IPUIPlugin
2024-11-19 23:53:44,210 [INFO] PluginManager:220 - loadIPPluginJar : add fmc
2024-11-19 23:53:44,250 [INFO] IPUIPlugin:80 - create IPUIPlugin
2024-11-19 23:53:44,250 [INFO] PluginManager:220 - loadIPPluginJar : add freertos
2024-11-19 23:53:44,302 [INFO] IPUIPlugin:80 - create IPUIPlugin
2024-11-19 23:53:44,302 [INFO] PluginManager:220 - loadIPPluginJar : add genericplugin
2024-11-19 23:53:44,555 [INFO] IPUIPlugin:80 - create IPUIPlugin
2024-11-19 23:53:44,555 [INFO] PluginManager:220 - loadIPPluginJar : add gfxmmu
2024-11-19 23:53:44,653 [INFO] ThirdPartyUpdaterWithRetryManager:70 - Updater plugin not ready yet. [2/15]
2024-11-19 23:53:44,933 [INFO] IPUIPlugin:80 - create IPUIPlugin
2024-11-19 23:53:44,934 [INFO] PluginManager:220 - loadIPPluginJar : add gic
2024-11-19 23:53:44,965 [INFO] IPUIPlugin:80 - create IPUIPlugin
2024-11-19 23:53:44,965 [INFO] PluginManager:220 - loadIPPluginJar : add gpio
2024-11-19 23:53:45,290 [INFO] IPUIPlugin:80 - create IPUIPlugin
2024-11-19 23:53:45,290 [INFO] PluginManager:220 - loadIPPluginJar : add gtzc
2024-11-19 23:53:45,394 [INFO] IPUIPlugin:80 - create IPUIPlugin
2024-11-19 23:53:45,394 [INFO] PluginManager:220 - loadIPPluginJar : add hash
2024-11-19 23:53:45,556 [INFO] IPUIPlugin:80 - create IPUIPlugin
2024-11-19 23:53:45,557 [INFO] PluginManager:220 - loadIPPluginJar : add i2c
2024-11-19 23:53:45,663 [INFO] IPUIPlugin:80 - create IPUIPlugin
2024-11-19 23:53:45,664 [INFO] PluginManager:220 - loadIPPluginJar : add i2s
2024-11-19 23:53:45,782 [INFO] IPUIPlugin:80 - create IPUIPlugin
2024-11-19 23:53:45,782 [INFO] PluginManager:220 - loadIPPluginJar : add i3c
2024-11-19 23:53:46,182 [INFO] IPUIPlugin:80 - create IPUIPlugin
2024-11-19 23:53:46,183 [INFO] PluginManager:220 - loadIPPluginJar : add ipddr
2024-11-19 23:53:47,760 [INFO] ThirdPartyUpdaterWithRetryManager:70 - Updater plugin not ready yet. [3/15]
2024-11-19 23:53:48,148 [INFO] IPUIPlugin:80 - create IPUIPlugin
2024-11-19 23:53:48,149 [INFO] PluginManager:220 - loadIPPluginJar : add linkedlist
2024-11-19 23:53:48,882 [INFO] IPUIPlugin:80 - create IPUIPlugin
2024-11-19 23:53:48,882 [INFO] PluginManager:220 - loadIPPluginJar : add lorawan
2024-11-19 23:53:49,144 [INFO] IPUIPlugin:80 - create IPUIPlugin
2024-11-19 23:53:49,145 [INFO] PluginManager:220 - loadIPPluginJar : add ltdc
2024-11-19 23:53:49,230 [INFO] IPUIPlugin:80 - create IPUIPlugin
2024-11-19 23:53:49,230 [INFO] PluginManager:220 - loadIPPluginJar : add mdma
2024-11-19 23:53:49,280 [INFO] IPUIPlugin:80 - create IPUIPlugin
2024-11-19 23:53:49,281 [INFO] PluginManager:220 - loadIPPluginJar : add nvic
2024-11-19 23:53:49,742 [INFO] IPUIPlugin:80 - create IPUIPlugin
2024-11-19 23:53:49,743 [INFO] PluginManager:220 - loadIPPluginJar : add opamp
2024-11-19 23:53:50,024 [INFO] IPUIPlugin:80 - create IPUIPlugin
2024-11-19 23:53:50,024 [INFO] PluginManager:220 - loadIPPluginJar : add openamp
2024-11-19 23:53:50,424 [INFO] IPUIPlugin:80 - create IPUIPlugin
2024-11-19 23:53:50,473 [INFO] PluginManager:220 - loadIPPluginJar : add pdm2pcm
2024-11-19 23:53:50,523 [INFO] IPUIPlugin:80 - create IPUIPlugin
2024-11-19 23:53:50,533 [INFO] PluginManager:220 - loadIPPluginJar : add plateformsettings
2024-11-19 23:53:50,653 [INFO] IPUIPlugin:80 - create IPUIPlugin
2024-11-19 23:53:50,653 [INFO] PluginManager:220 - loadIPPluginJar : add quadspi
2024-11-19 23:53:50,727 [INFO] IPUIPlugin:80 - create IPUIPlugin
2024-11-19 23:53:50,729 [INFO] PluginManager:220 - loadIPPluginJar : add radio
2024-11-19 23:53:50,755 [INFO] IPUIPlugin:80 - create IPUIPlugin
2024-11-19 23:53:50,756 [INFO] PluginManager:220 - loadIPPluginJar : add resmgrutility
2024-11-19 23:53:50,762 [INFO] ThirdPartyUpdaterWithRetryManager:70 - Updater plugin not ready yet. [4/15]
2024-11-19 23:53:50,873 [INFO] IPUIPlugin:80 - create IPUIPlugin
2024-11-19 23:53:50,873 [INFO] PluginManager:220 - loadIPPluginJar : add sai
2024-11-19 23:53:50,990 [INFO] IPUIPlugin:80 - create IPUIPlugin
2024-11-19 23:53:50,990 [INFO] PluginManager:220 - loadIPPluginJar : add spi
2024-11-19 23:53:51,161 [INFO] IPUIPlugin:80 - create IPUIPlugin
2024-11-19 23:53:51,161 [INFO] PluginManager:220 - loadIPPluginJar : add stm32_wpan
2024-11-19 23:53:51,241 [INFO] IPUIPlugin:80 - create IPUIPlugin
2024-11-19 23:53:51,241 [INFO] PluginManager:220 - loadIPPluginJar : add tim
2024-11-19 23:53:51,394 [INFO] IPUIPlugin:80 - create IPUIPlugin
2024-11-19 23:53:51,394 [INFO] PluginManager:220 - loadIPPluginJar : add touchsensing
2024-11-19 23:53:51,446 [INFO] IPUIPlugin:80 - create IPUIPlugin
2024-11-19 23:53:51,447 [INFO] PluginManager:220 - loadIPPluginJar : add tracer_emb
2024-11-19 23:53:51,506 [INFO] IPUIPlugin:80 - create IPUIPlugin
2024-11-19 23:53:51,507 [INFO] PluginManager:220 - loadIPPluginJar : add ts
2024-11-19 23:53:51,558 [INFO] IPUIPlugin:80 - create IPUIPlugin
2024-11-19 23:53:51,559 [INFO] PluginManager:220 - loadIPPluginJar : add tsc
2024-11-19 23:53:51,609 [INFO] IPUIPlugin:80 - create IPUIPlugin
2024-11-19 23:53:51,609 [INFO] PluginManager:220 - loadIPPluginJar : add ucpd
2024-11-19 23:53:51,717 [INFO] IPUIPlugin:80 - create IPUIPlugin
2024-11-19 23:53:51,718 [INFO] PluginManager:220 - loadIPPluginJar : add usart
2024-11-19 23:53:51,827 [INFO] IPUIPlugin:80 - create IPUIPlugin
2024-11-19 23:53:51,828 [INFO] PluginManager:220 - loadIPPluginJar : add usbx
2024-11-19 23:53:52,039 [INFO] CADModel:165 - CPN selected for project level
2024-11-19 23:53:52,039 [INFO] CADModel:114 - Register for checkConnection events
2024-11-19 23:53:52,040 [FATAL] Updater:334 - Updater called before beeing initialized
2024-11-19 23:53:52,041 [ERROR] CADModel:125 - Updater not yet initialized, retry later 
2024-11-19 23:53:52,378 [INFO] CADModel:165 - CPN selected for project level
2024-11-19 23:53:52,379 [INFO] CADModel:114 - Register for checkConnection events
2024-11-19 23:53:52,379 [FATAL] Updater:334 - Updater called before beeing initialized
2024-11-19 23:53:52,379 [ERROR] CADModel:125 - Updater not yet initialized, retry later 
2024-11-19 23:53:52,388 [FATAL] Updater:334 - Updater called before beeing initialized
2024-11-19 23:53:52,672 [FATAL] Updater:334 - Updater called before beeing initialized
2024-11-19 23:53:52,703 [INFO] DbMcusAds:53 - JSON generation date=Fri Sep 20 09:04:23 EDT 2024 (1726837463113)
2024-11-19 23:53:52,703 [FATAL] Updater:334 - Updater called before beeing initialized
2024-11-19 23:53:52,770 [WARN] DetailPanel:346 - Failed to get advertising image, set to default
2024-11-19 23:53:52,908 [FATAL] Updater:334 - Updater called before beeing initialized
2024-11-19 23:53:52,913 [FATAL] Updater:334 - Updater called before beeing initialized
2024-11-19 23:53:52,913 [FATAL] Updater:334 - Updater called before beeing initialized
2024-11-19 23:53:52,913 [WARN] DetailPanel:346 - Failed to get advertising image, set to default
2024-11-19 23:53:52,915 [FATAL] Updater:334 - Updater called before beeing initialized
2024-11-19 23:53:53,158 [ERROR] Updater:1164 - MainUpdater not yet initialized. External WinMGr cannot be set.
2024-11-19 23:53:53,181 [INFO] Updater:1100 - Updater Version found : 6.12.0
2024-11-19 23:53:53,221 [INFO] ApplicationProperties:184 - Using Application install path: C:\ST\STM32CubeIDE_1.16.0\STM32CubeIDE\plugins\com.st.stm32cube.common.mx_6.12.0.202406281431
2024-11-19 23:53:53,764 [INFO] ThirdPartyUpdaterWithRetryManager:70 - Updater plugin not ready yet. [5/15]
2024-11-19 23:53:54,844 [ERROR] LogOutputStream:75 - [STDERR_REDIRECT] Nov 19, 2024 11:53:54 PM java.util.prefs.WindowsPreferences <init>
2024-11-19 23:53:54,848 [ERROR] LogOutputStream:75 - [STDERR_REDIRECT] WARNING: Could not open/create prefs root node Software\JavaSoft\Prefs at root 0xffffffff80000002. Windows RegCreateKeyEx(...) returned error code 5.
2024-11-19 23:53:54,848 [ERROR] LogOutputStream:75 - [STDERR_REDIRECT] 
2024-11-19 23:53:55,475 [INFO] MainUpdater:2873 - connection check result : 10
2024-11-19 23:53:55,477 [INFO] MainUpdater:290 - Updater Check For Update Now.
2024-11-19 23:53:55,478 [INFO] MicroXplorer:498 - Change Database Version : DB.6.0.120
2024-11-19 23:53:55,515 [INFO] McuFinderGlobals:63 - Set McuFinder mode to 2 (CubeIDE integrated)
2024-11-19 23:53:55,515 [INFO] UserAuth:179 - activating auth plugin
2024-11-19 23:53:55,523 [INFO] UserAuth:417 - Internet connection configuration mode: 1
2024-11-19 23:53:55,593 [INFO] JxBrowserEngine:152 - Initiate JxBrowser Engine with user profile folder
2024-11-19 23:53:55,908 [INFO] CheckServerUpdateThread:120 - End of CheckServer Thread
2024-11-19 23:53:57,285 [WARN] PackLoader:240 - Cannot read IP mode file for STMicroelectronics.FP-SNS-MOTENVWB1.1.4.0
2024-11-19 23:53:57,328 [WARN] PackLoader:240 - Cannot read IP mode file for STMicroelectronics.FP-ATR-ASTRA1.2.0.1
2024-11-19 23:53:57,375 [WARN] PackLoader:240 - Cannot read IP mode file for STMicroelectronics.X-CUBE-SMBUS.2.1.0
2024-11-19 23:53:57,418 [WARN] PackLoader:240 - Cannot read IP mode file for STMicroelectronics.X-CUBE-WB05N.1.1.0
2024-11-19 23:53:57,523 [WARN] PackLoader:240 - Cannot read IP mode file for STMicroelectronics.X-CUBE-AZRTOS-F7.1.1.0
2024-11-19 23:53:57,561 [WARN] PackLoader:240 - Cannot read IP mode file for STMicroelectronics.FP-SNS-FLIGHT1.5.0.2
2024-11-19 23:53:57,603 [WARN] PackLoader:240 - Cannot read IP mode file for STMicroelectronics.X-CUBE-DISPLAY.3.0.0
2024-11-19 23:53:57,661 [WARN] PackLoader:240 - Cannot read IP mode file for STMicroelectronics.X-CUBE-BLE1.7.0.0
2024-11-19 23:53:57,711 [WARN] PackLoader:240 - Cannot read IP mode file for STMicroelectronics.X-CUBE-NFC10.1.0.0
2024-11-19 23:53:57,751 [WARN] PackLoader:240 - Cannot read IP mode file for emotas.I-CUBE-CANOPEN.1.3.0
2024-11-19 23:53:57,794 [WARN] PackLoader:240 - Cannot read IP mode file for STMicroelectronics.X-CUBE-BLEMGR.3.1.0
2024-11-19 23:53:57,831 [WARN] PackLoader:240 - Cannot read IP mode file for STMicroelectronics.FP-SNS-SMARTAG2.1.2.0
2024-11-19 23:53:57,873 [INFO] LogOutputStream:77 - [STDOUT_REDIRECT] 1 : Invalid condition id : UX_CORESTACK_Condition cause : null
2024-11-19 23:53:57,874 [INFO] LogOutputStream:77 - [STDOUT_REDIRECT] 1 : Invalid condition id : UX_CORESTACK_Condition cause : null
2024-11-19 23:53:57,876 [INFO] LogOutputStream:77 - [STDOUT_REDIRECT] 1 : Invalid condition id : UX_CORESTACK_Condition cause : null
2024-11-19 23:53:57,878 [INFO] LogOutputStream:77 - [STDOUT_REDIRECT] 1 : Invalid condition id : UX_CORESTACK_Condition cause : null
2024-11-19 23:53:57,880 [INFO] LogOutputStream:77 - [STDOUT_REDIRECT] 1 : Invalid condition id : UX_CORESTACK_Condition cause : null
2024-11-19 23:53:57,887 [WARN] PackLoader:240 - Cannot read IP mode file for STMicroelectronics.X-CUBE-AZRTOS-WL.2.0.0
2024-11-19 23:53:57,926 [WARN] PackLoader:240 - Cannot read IP mode file for STMicroelectronics.FP-SNS-MOTENV1.5.0.0
2024-11-19 23:53:57,954 [WARN] PackLoader:240 - Cannot read IP mode file for wolfSSL.I-CUBE-wolfMQTT.1.19.0
2024-11-19 23:53:57,991 [WARN] PackLoader:240 - Cannot read IP mode file for WES.I-CUBE-Cesium.1.3.0
2024-11-19 23:53:58,019 [WARN] PackLoader:240 - Cannot read IP mode file for STMicroelectronics.X-CUBE-BLE2.3.3.0
2024-11-19 23:53:58,054 [WARN] PackLoader:240 - Cannot read IP mode file for STMicroelectronics.X-CUBE-NFC9.1.0.0
2024-11-19 23:53:58,089 [WARN] PackLoader:240 - Cannot read IP mode file for STMicroelectronics.X-CUBE-TCPP.4.1.0
2024-11-19 23:53:58,150 [WARN] PackLoader:240 - Cannot read IP mode file for STMicroelectronics.X-CUBE-AZRTOS-G0.1.1.0
2024-11-19 23:53:58,210 [WARN] PackLoader:240 - Cannot read IP mode file for STMicroelectronics.X-CUBE-SAFEA1.1.2.2
2024-11-19 23:53:58,255 [WARN] PackLoader:240 - Cannot read IP mode file for STMicroelectronics.X-CUBE-NFC4.3.0.0
2024-11-19 23:53:58,309 [WARN] PackLoader:240 - Cannot read IP mode file for EmbeddedOffice.I-CUBE-FS-RTOS.1.0.1
2024-11-19 23:53:58,310 [ERROR] ConditionMgr:805 - Attr not supported : Dmpu
2024-11-19 23:53:58,311 [ERROR] ConditionMgr:805 - Attr not supported : Dmpu
2024-11-19 23:53:58,311 [ERROR] ConditionMgr:805 - Attr not supported : Dmpu
2024-11-19 23:53:58,311 [ERROR] ConditionMgr:805 - Attr not supported : Dmpu
2024-11-19 23:53:58,311 [ERROR] ConditionMgr:805 - Attr not supported : Dmpu
2024-11-19 23:53:58,311 [ERROR] ConditionMgr:805 - Attr not supported : Dmpu
2024-11-19 23:53:58,311 [ERROR] ConditionMgr:805 - Attr not supported : Dmpu
2024-11-19 23:53:58,311 [ERROR] ConditionMgr:805 - Attr not supported : Dmpu
2024-11-19 23:53:58,311 [ERROR] ConditionMgr:805 - Attr not supported : Dmpu
2024-11-19 23:53:58,312 [ERROR] ConditionMgr:805 - Attr not supported : Dmpu
2024-11-19 23:53:58,312 [ERROR] ConditionMgr:805 - Attr not supported : Dmpu
2024-11-19 23:53:58,312 [ERROR] ConditionMgr:805 - Attr not supported : Dmpu
2024-11-19 23:53:58,312 [ERROR] ConditionMgr:805 - Attr not supported : Dmpu
2024-11-19 23:53:58,312 [ERROR] ConditionMgr:805 - Attr not supported : Dmpu
2024-11-19 23:53:58,312 [ERROR] ConditionMgr:805 - Attr not supported : Dmpu
2024-11-19 23:53:58,312 [ERROR] ConditionMgr:805 - Attr not supported : Dmpu
2024-11-19 23:53:58,312 [ERROR] ConditionMgr:805 - Attr not supported : Dmpu
2024-11-19 23:53:58,312 [ERROR] ConditionMgr:805 - Attr not supported : Dmpu
2024-11-19 23:53:58,313 [ERROR] ConditionMgr:805 - Attr not supported : Dmpu
2024-11-19 23:53:58,313 [ERROR] ConditionMgr:805 - Attr not supported : Dmpu
2024-11-19 23:53:58,313 [ERROR] ConditionMgr:805 - Attr not supported : Dmpu
2024-11-19 23:53:58,313 [ERROR] ConditionMgr:805 - Attr not supported : Dmpu
2024-11-19 23:53:58,313 [ERROR] ConditionMgr:805 - Attr not supported : Dmpu
2024-11-19 23:53:58,313 [ERROR] ConditionMgr:805 - Attr not supported : Dmpu
2024-11-19 23:53:58,313 [ERROR] ConditionMgr:805 - Attr not supported : Dmpu
2024-11-19 23:53:58,313 [ERROR] ConditionMgr:805 - Attr not supported : Dmpu
2024-11-19 23:53:58,313 [ERROR] ConditionMgr:805 - Attr not supported : Dmpu
2024-11-19 23:53:58,314 [ERROR] ConditionMgr:805 - Attr not supported : Dmpu
2024-11-19 23:53:58,314 [ERROR] ConditionMgr:805 - Attr not supported : Dmpu
2024-11-19 23:53:58,314 [ERROR] ConditionMgr:805 - Attr not supported : Dmpu
2024-11-19 23:53:58,314 [ERROR] ConditionMgr:805 - Attr not supported : Dmpu
2024-11-19 23:53:58,314 [ERROR] ConditionMgr:805 - Attr not supported : Dmpu
2024-11-19 23:53:58,314 [ERROR] ConditionMgr:805 - Attr not supported : Dmpu
2024-11-19 23:53:58,314 [ERROR] ConditionMgr:805 - Attr not supported : Dmpu
2024-11-19 23:53:58,314 [ERROR] ConditionMgr:805 - Attr not supported : Dmpu
2024-11-19 23:53:58,314 [ERROR] ConditionMgr:805 - Attr not supported : Dmpu
2024-11-19 23:53:58,315 [ERROR] ConditionMgr:805 - Attr not supported : Dmpu
2024-11-19 23:53:58,315 [ERROR] ConditionMgr:805 - Attr not supported : Dmpu
2024-11-19 23:53:58,315 [ERROR] ConditionMgr:805 - Attr not supported : Dmpu
2024-11-19 23:53:58,315 [ERROR] ConditionMgr:805 - Attr not supported : Dmpu
2024-11-19 23:53:58,315 [ERROR] ConditionMgr:805 - Attr not supported : Dmpu
2024-11-19 23:53:58,315 [ERROR] ConditionMgr:805 - Attr not supported : Dmpu
2024-11-19 23:53:58,315 [ERROR] ConditionMgr:805 - Attr not supported : Dmpu
2024-11-19 23:53:58,315 [ERROR] ConditionMgr:805 - Attr not supported : Dmpu
2024-11-19 23:53:58,316 [ERROR] ConditionMgr:805 - Attr not supported : Dmpu
2024-11-19 23:53:58,316 [ERROR] ConditionMgr:805 - Attr not supported : Dmpu
2024-11-19 23:53:58,316 [ERROR] ConditionMgr:805 - Attr not supported : Dmpu
2024-11-19 23:53:58,316 [ERROR] ConditionMgr:805 - Attr not supported : Dmpu
2024-11-19 23:53:58,316 [ERROR] ConditionMgr:805 - Attr not supported : Dmpu
2024-11-19 23:53:58,316 [ERROR] ConditionMgr:805 - Attr not supported : Dmpu
2024-11-19 23:53:58,316 [ERROR] ConditionMgr:805 - Attr not supported : Dmpu
2024-11-19 23:53:58,317 [ERROR] ConditionMgr:805 - Attr not supported : Dmpu
2024-11-19 23:53:58,317 [ERROR] ConditionMgr:805 - Attr not supported : Dmpu
2024-11-19 23:53:58,317 [ERROR] ConditionMgr:805 - Attr not supported : Dmpu
2024-11-19 23:53:58,317 [ERROR] ConditionMgr:805 - Attr not supported : Dmpu
2024-11-19 23:53:58,317 [ERROR] ConditionMgr:805 - Attr not supported : Dmpu
2024-11-19 23:53:58,317 [ERROR] ConditionMgr:805 - Attr not supported : Dmpu
2024-11-19 23:53:58,317 [ERROR] ConditionMgr:805 - Attr not supported : Dmpu
2024-11-19 23:53:58,317 [ERROR] ConditionMgr:805 - Attr not supported : Dmpu
2024-11-19 23:53:58,318 [ERROR] ConditionMgr:805 - Attr not supported : Dmpu
2024-11-19 23:53:58,318 [ERROR] ConditionMgr:805 - Attr not supported : Dmpu
2024-11-19 23:53:58,318 [ERROR] ConditionMgr:805 - Attr not supported : Dmpu
2024-11-19 23:53:58,318 [ERROR] ConditionMgr:805 - Attr not supported : Dmpu
2024-11-19 23:53:58,318 [ERROR] ConditionMgr:805 - Attr not supported : Dmpu
2024-11-19 23:53:58,363 [WARN] PackLoader:240 - Cannot read IP mode file for RealThread.X-CUBE-RT-Thread_Nano.4.1.1
2024-11-19 23:53:58,400 [WARN] PackLoader:240 - Cannot read IP mode file for STMicroelectronics.FP-ATR-SIGFOX1.3.2.0
2024-11-19 23:53:58,438 [WARN] PackLoader:240 - Cannot read IP mode file for wolfSSL.I-CUBE-wolfSSL.5.7.2
2024-11-19 23:53:58,472 [WARN] ConditionMgr:438 - getConditionDescription Invalid condition id : Cortex-A Device cause : null
2024-11-19 23:53:58,534 [WARN] ConditionMgr:1039 - genDependencies : Invalid condition id : Cortex-A Device cause : null
2024-11-19 23:53:58,535 [WARN] ConditionMgr:1039 - genDependencies : Invalid condition id : Cortex-A Device cause : null
2024-11-19 23:53:58,535 [WARN] ConditionMgr:1039 - genDependencies : Invalid condition id : Cortex-A Device cause : null
2024-11-19 23:53:58,571 [WARN] PackLoader:240 - Cannot read IP mode file for STMicroelectronics.X-CUBE-EEPRMA1.5.1.0
2024-11-19 23:53:58,621 [WARN] PackLoader:240 - Cannot read IP mode file for ITTIA_DB.I-CUBE-ITTIADB.8.9.0
2024-11-19 23:53:58,732 [WARN] PackLoader:240 - Cannot read IP mode file for SEGGER.I-CUBE-embOS.1.3.1
2024-11-19 23:53:58,839 [WARN] PackLoader:240 - Cannot read IP mode file for STMicroelectronics.X-CUBE-ALGOBUILD.1.4.0
2024-11-19 23:53:58,876 [WARN] PackLoader:240 - Cannot read IP mode file for STMicroelectronics.X-CUBE-AI.9.1.0
2024-11-19 23:53:58,939 [WARN] PackLoader:240 - Cannot read IP mode file for STMicroelectronics.X-CUBE-AZRTOS-F4.1.1.0
2024-11-19 23:53:58,986 [WARN] PackLoader:240 - Cannot read IP mode file for STMicroelectronics.X-CUBE-FREERTOS.1.2.0
2024-11-19 23:53:59,048 [WARN] PackLoader:240 - Cannot read IP mode file for STMicroelectronics.X-CUBE-AZRTOS-L5.2.0.0
2024-11-19 23:53:59,090 [WARN] PackLoader:240 - Cannot read IP mode file for STMicroelectronics.X-CUBE-NFC6.3.1.0
2024-11-19 23:53:59,130 [WARN] PackLoader:240 - Cannot read IP mode file for STMicroelectronics.X-CUBE-AI.9.0.0
2024-11-19 23:53:59,164 [WARN] PackLoader:240 - Cannot read IP mode file for STMicroelectronics.X-CUBE-NFC7.1.0.1
2024-11-19 23:53:59,234 [WARN] ConditionMgr:438 - getConditionDescription Invalid condition id : LAN8742 Phy interface Condition cause : null
2024-11-19 23:53:59,236 [WARN] PackLoader:240 - Cannot read IP mode file for STMicroelectronics.X-CUBE-AZRTOS-L4.2.0.0
2024-11-19 23:53:59,238 [WARN] ConditionMgr:1039 - genDependencies : Invalid condition id : LAN8742 Phy interface Condition cause : null
2024-11-19 23:53:59,239 [WARN] ConditionMgr:1039 - genDependencies : Invalid condition id : LAN8742 Phy interface Condition cause : null
2024-11-19 23:53:59,240 [WARN] ConditionMgr:1039 - genDependencies : Invalid condition id : LAN8742 Phy interface Condition cause : null
2024-11-19 23:53:59,283 [WARN] PackLoader:240 - Cannot read IP mode file for STMicroelectronics.X-CUBE-SFXS2LP1.4.0.0
2024-11-19 23:53:59,332 [WARN] PackLoader:240 - Cannot read IP mode file for STMicroelectronics.X-CUBE-IPS.3.0.0
2024-11-19 23:53:59,389 [WARN] ConditionMgr:438 - getConditionDescription Invalid condition id : UX DEVICE CLASS RTOS Condition cause : null
2024-11-19 23:53:59,389 [WARN] ConditionMgr:438 - getConditionDescription Invalid condition id : UX DEVICE CLASS RTOS Condition cause : null
2024-11-19 23:53:59,392 [WARN] PackLoader:240 - Cannot read IP mode file for STMicroelectronics.X-CUBE-AZRTOS-WB.2.0.0
2024-11-19 23:53:59,394 [WARN] ConditionMgr:1039 - genDependencies : Invalid condition id : UX DEVICE CLASS RTOS Condition cause : null
2024-11-19 23:53:59,394 [WARN] ConditionMgr:1039 - genDependencies : Invalid condition id : UX DEVICE CLASS RTOS Condition cause : null
2024-11-19 23:53:59,395 [WARN] ConditionMgr:1039 - genDependencies : Invalid condition id : UX DEVICE CLASS RTOS Condition cause : null
2024-11-19 23:53:59,395 [WARN] ConditionMgr:1039 - genDependencies : Invalid condition id : UX DEVICE CLASS RTOS Condition cause : null
2024-11-19 23:53:59,395 [WARN] ConditionMgr:1039 - genDependencies : Invalid condition id : UX DEVICE CLASS RTOS Condition cause : null
2024-11-19 23:53:59,449 [WARN] PackLoader:240 - Cannot read IP mode file for STMicroelectronics.X-CUBE-SUBG2.5.0.0
2024-11-19 23:53:59,492 [WARN] PackLoader:240 - Cannot read IP mode file for Cesanta.I-CUBE-Mongoose.7.13.0
2024-11-19 23:53:59,552 [WARN] PackLoader:240 - Cannot read IP mode file for STMicroelectronics.X-CUBE-AZRTOS-G4.2.0.0
2024-11-19 23:53:59,585 [WARN] PackLoader:240 - Cannot read IP mode file for STMicroelectronics.X-CUBE-ALS.1.0.2
2024-11-19 23:53:59,623 [WARN] PackLoader:240 - Cannot read IP mode file for STMicroelectronics.X-CUBE-TOUCHGFX.4.24.0
2024-11-19 23:53:59,650 [WARN] PackLoader:240 - Cannot read IP mode file for STMicroelectronics.X-CUBE-TOUCHGFX.4.24.1
2024-11-19 23:53:59,679 [WARN] PackLoader:240 - Cannot read IP mode file for wolfSSL.I-CUBE-wolfTPM.3.4.0
2024-11-19 23:53:59,715 [WARN] PackLoader:240 - Cannot read IP mode file for portGmbH.I-Cube-SoM-uGOAL.1.1.0
2024-11-19 23:53:59,804 [WARN] PackLoader:240 - Cannot read IP mode file for STMicroelectronics.X-CUBE-AZRTOS-H7RS.1.0.0
2024-11-19 23:53:59,843 [WARN] PackLoader:240 - Cannot read IP mode file for STMicroelectronics.FP-ATR-ASTRA1.2.0.0
2024-11-19 23:53:59,915 [WARN] PackLoader:240 - Cannot read IP mode file for Infineon.AIROC-Wi-Fi-Bluetooth-STM32.1.6.1
2024-11-19 23:53:59,957 [WARN] PackLoader:240 - Cannot read IP mode file for wolfSSL.I-CUBE-wolfSSH.1.4.17
2024-11-19 23:53:59,958 [INFO] ThirdParty:978 - Integrity check success = true
2024-11-19 23:53:59,959 [INFO] IntegrityCheckThread:100 - exiting critical section [integrity check]
2024-11-19 23:53:59,959 [INFO] IntegrityCheckThread:103 - End integrity checks thread
2024-11-19 23:54:07,847 [INFO] WebApp:167 - Instantiating new browser for Auth
2024-11-19 23:54:09,530 [INFO] WebApp:448 - Apply proxy settings
2024-11-19 23:54:09,531 [INFO] WebApp:533 - Chromium requires no authentication
2024-11-19 23:54:09,553 [INFO] WebApp:476 - Direct internet connection detected
2024-11-19 23:54:09,621 [INFO] WebApp:869 - Register for checkConnection events
2024-11-19 23:54:09,622 [INFO] WebApp:448 - Apply proxy settings
2024-11-19 23:54:09,622 [INFO] WebApp:533 - Chromium requires no authentication
2024-11-19 23:54:09,624 [INFO] WebApp:476 - Direct internet connection detected
2024-11-19 23:54:09,944 [INFO] WebApp:186 - Connection restablished
2024-11-19 23:54:10,187 [INFO] WebApp:220 - Starting web application
2024-11-19 23:54:10,187 [INFO] WebApp:578 - Web application path used C:\ST\STM32CubeIDE_1.16.0\STM32CubeIDE\plugins\com.st.stm32cube.common.mx_6.12.0.202406281431\db\plugins\mcufinder\reactClient1\index.html
